{"D:\\engr510_final_project\\frontend\\src\\app\\store.ts": {"path":"D:\\engr510_final_project\\frontend\\src\\app\\store.ts","statementMap":{"0":{"start":{"line":1,"column":0},"end":{"line":1,"column":50}},"1":{"start":{"line":2,"column":0},"end":{"line":2,"column":53}},"2":{"start":{"line":3,"column":0},"end":{"line":3,"column":47}},"3":{"start":{"line":5,"column":13},"end":{"line":10,"column":3}}},"fnMap":{},"branchMap":{},"s":{"0":0,"1":0,"2":0,"3":0},"f":{},"b":{}}
,"D:\\engr510_final_project\\frontend\\src\\features\\auth\\authSlice.ts": {"path":"D:\\engr510_final_project\\frontend\\src\\features\\auth\\authSlice.ts","statementMap":{"0":{"start":{"line":1,"column":0},"end":{"line":1,"column":65}},"1":{"start":{"line":2,"column":0},"end":{"line":2,"column":26}},"2":{"start":{"line":15,"column":18},"end":{"line":22,"column":1}},"3":{"start":{"line":16,"column":16},"end":{"line":16,"column":45}},"4":{"start":{"line":17,"column":2},"end":{"line":20,"column":null}},"5":{"start":{"line":18,"column":4},"end":{"line":18,"column":71}},"6":{"start":{"line":19,"column":4},"end":{"line":19,"column":17}},"7":{"start":{"line":21,"column":2},"end":{"line":21,"column":14}},"8":{"start":{"line":24,"column":32},"end":{"line":30,"column":2}},"9":{"start":{"line":32,"column":16},"end":{"line":32,"column":76}},"10":{"start":{"line":34,"column":13},"end":{"line":50,"column":2}},"11":{"start":{"line":36,"column":76},"end":{"line":36,"column":78}},"12":{"start":{"line":38,"column":23},"end":{"line":38,"column":null}},"13":{"start":{"line":38,"column":12},"end":{"line":38,"column":null}},"14":{"start":{"line":39,"column":14},"end":{"line":39,"column":24}},"15":{"start":{"line":42,"column":6},"end":{"line":42,"column":43}},"16":{"start":{"line":43,"column":6},"end":{"line":43,"column":73}},"17":{"start":{"line":45,"column":6},"end":{"line":45,"column":59}},"18":{"start":{"line":47,"column":6},"end":{"line":47,"column":76}},"19":{"start":{"line":52,"column":13},"end":{"line":55,"column":3}},"20":{"start":{"line":52,"column":54},"end":{"line":55,"column":2}},"21":{"start":{"line":53,"column":2},"end":{"line":53,"column":35}},"22":{"start":{"line":54,"column":2},"end":{"line":54,"column":56}},"23":{"start":{"line":57,"column":18},"end":{"line":93,"column":2}},"24":{"start":{"line":62,"column":6},"end":{"line":62,"column":25}},"25":{"start":{"line":66,"column":4},"end":{"line":91,"column":9}},"26":{"start":{"line":68,"column":8},"end":{"line":68,"column":29}},"27":{"start":{"line":69,"column":8},"end":{"line":69,"column":27}},"28":{"start":{"line":72,"column":8},"end":{"line":72,"column":30}},"29":{"start":{"line":73,"column":8},"end":{"line":73,"column":37}},"30":{"start":{"line":74,"column":8},"end":{"line":74,"column":43}},"31":{"start":{"line":75,"column":8},"end":{"line":75,"column":41}},"32":{"start":{"line":76,"column":8},"end":{"line":76,"column":27}},"33":{"start":{"line":79,"column":8},"end":{"line":79,"column":30}},"34":{"start":{"line":80,"column":8},"end":{"line":80,"column":38}},"35":{"start":{"line":81,"column":8},"end":{"line":81,"column":27}},"36":{"start":{"line":82,"column":8},"end":{"line":82,"column":26}},"37":{"start":{"line":83,"column":8},"end":{"line":83,"column":47}},"38":{"start":{"line":86,"column":8},"end":{"line":86,"column":27}},"39":{"start":{"line":87,"column":8},"end":{"line":87,"column":38}},"40":{"start":{"line":88,"column":8},"end":{"line":88,"column":26}},"41":{"start":{"line":89,"column":8},"end":{"line":89,"column":30}},"42":{"start":{"line":90,"column":8},"end":{"line":90,"column":27}},"43":{"start":{"line":95,"column":15},"end":{"line":95,"column":48}},"44":{"start":{"line":96,"column":0},"end":{"line":96,"column":33}}},"fnMap":{"0":{"name":"(anonymous_14)","decl":{"start":{"line":15,"column":18},"end":{"line":15,"column":null}},"loc":{"start":{"line":15,"column":18},"end":{"line":22,"column":1}}},"1":{"name":"(anonymous_15)","decl":{"start":{"line":36,"column":2},"end":{"line":36,"column":9}},"loc":{"start":{"line":36,"column":78},"end":{"line":49,"column":null}}},"2":{"name":"(anonymous_18)","decl":{"start":{"line":52,"column":54},"end":{"line":52,"column":null}},"loc":{"start":{"line":52,"column":54},"end":{"line":55,"column":2}}},"3":{"name":"(anonymous_21)","decl":{"start":{"line":61,"column":16},"end":{"line":61,"column":17}},"loc":{"start":{"line":61,"column":22},"end":{"line":63,"column":5}}},"4":{"name":"(anonymous_22)","decl":{"start":{"line":65,"column":17},"end":{"line":65,"column":18}},"loc":{"start":{"line":65,"column":25},"end":{"line":92,"column":3}}},"5":{"name":"(anonymous_23)","decl":{"start":{"line":67,"column":30},"end":{"line":67,"column":31}},"loc":{"start":{"line":67,"column":36},"end":{"line":70,"column":7}}},"6":{"name":"(anonymous_24)","decl":{"start":{"line":71,"column":32},"end":{"line":71,"column":33}},"loc":{"start":{"line":71,"column":46},"end":{"line":77,"column":7}}},"7":{"name":"(anonymous_25)","decl":{"start":{"line":78,"column":31},"end":{"line":78,"column":32}},"loc":{"start":{"line":78,"column":45},"end":{"line":84,"column":7}}},"8":{"name":"(anonymous_26)","decl":{"start":{"line":85,"column":33},"end":{"line":85,"column":34}},"loc":{"start":{"line":85,"column":39},"end":{"line":91,"column":7}}}},"branchMap":{"0":{"loc":{"start":{"line":17,"column":2},"end":{"line":20,"column":null}},"type":"if","locations":[{"start":{"line":17,"column":2},"end":{"line":20,"column":null}}]},"1":{"loc":{"start":{"line":32,"column":16},"end":{"line":32,"column":76}},"type":"binary-expr","locations":[{"start":{"line":32,"column":16},"end":{"line":32,"column":45}},{"start":{"line":32,"column":49},"end":{"line":32,"column":76}}]},"2":{"loc":{"start":{"line":47,"column":29},"end":{"line":47,"column":74}},"type":"binary-expr","locations":[{"start":{"line":47,"column":29},"end":{"line":47,"column":56}},{"start":{"line":47,"column":60},"end":{"line":47,"column":74}}]},"3":{"loc":{"start":{"line":47,"column":29},"end":{"line":47,"column":56}},"type":"cond-expr","locations":[{"start":{"line":47,"column":49},"end":{"line":47,"column":51}},{"start":{"line":47,"column":49},"end":{"line":47,"column":56}}]},"4":{"loc":{"start":{"line":47,"column":29},"end":{"line":47,"column":51}},"type":"binary-expr","locations":[{"start":{"line":47,"column":29},"end":{"line":47,"column":51}},{"start":{"line":47,"column":49},"end":{"line":47,"column":51}}]},"5":{"loc":{"start":{"line":47,"column":29},"end":{"line":47,"column":49}},"type":"cond-expr","locations":[{"start":{"line":47,"column":43},"end":{"line":47,"column":45}},{"start":{"line":47,"column":43},"end":{"line":47,"column":49}}]},"6":{"loc":{"start":{"line":47,"column":29},"end":{"line":47,"column":45}},"type":"binary-expr","locations":[{"start":{"line":47,"column":29},"end":{"line":47,"column":45}},{"start":{"line":47,"column":43},"end":{"line":47,"column":45}}]}},"s":{"0":0,"1":0,"2":0,"3":0,"4":0,"5":0,"6":0,"7":0,"8":0,"9":0,"10":0,"11":0,"12":0,"13":0,"14":0,"15":0,"16":0,"17":0,"18":0,"19":0,"20":0,"21":0,"22":0,"23":0,"24":0,"25":0,"26":0,"27":0,"28":0,"29":0,"30":0,"31":0,"32":0,"33":0,"34":0,"35":0,"36":0,"37":0,"38":0,"39":0,"40":0,"41":0,"42":0,"43":0,"44":0},"f":{"0":0,"1":0,"2":0,"3":0,"4":0,"5":0,"6":0,"7":0,"8":0},"b":{"0":[0],"1":[0,0],"2":[0,0],"3":[0,0],"4":[0,0],"5":[0,0],"6":[0,0]}}
,"D:\\engr510_final_project\\frontend\\src\\features\\ui\\uiSlice.ts": {"path":"D:\\engr510_final_project\\frontend\\src\\features\\ui\\uiSlice.ts","statementMap":{"0":{"start":{"line":1,"column":0},"end":{"line":1,"column":47}},"1":{"start":{"line":7,"column":30},"end":{"line":9,"column":2}},"2":{"start":{"line":11,"column":16},"end":{"line":22,"column":2}},"3":{"start":{"line":16,"column":6},"end":{"line":16,"column":45}},"4":{"start":{"line":19,"column":6},"end":{"line":19,"column":41}},"5":{"start":{"line":24,"column":15},"end":{"line":24,"column":49}},"6":{"start":{"line":25,"column":0},"end":{"line":25,"column":31}}},"fnMap":{"0":{"name":"(anonymous_0)","decl":{"start":{"line":15,"column":19},"end":{"line":15,"column":20}},"loc":{"start":{"line":15,"column":25},"end":{"line":17,"column":5}}},"1":{"name":"(anonymous_1)","decl":{"start":{"line":18,"column":20},"end":{"line":18,"column":21}},"loc":{"start":{"line":18,"column":34},"end":{"line":20,"column":5}}}},"branchMap":{},"s":{"0":0,"1":0,"2":0,"3":0,"4":0,"5":0,"6":0},"f":{"0":0,"1":0},"b":{}}
,"D:\\engr510_final_project\\frontend\\src\\hooks\\redux.ts": {"path":"D:\\engr510_final_project\\frontend\\src\\hooks\\redux.ts","statementMap":{"0":{"start":{"line":1,"column":0},"end":{"line":1,"column":77}},"1":{"start":{"line":5,"column":13},"end":{"line":5,"column":61}},"2":{"start":{"line":6,"column":13},"end":{"line":6,"column":75}}},"fnMap":{},"branchMap":{},"s":{"0":0,"1":0,"2":0},"f":{},"b":{}}
,"D:\\engr510_final_project\\frontend\\src\\hooks\\useApiWithRetry.ts": {"path":"D:\\engr510_final_project\\frontend\\src\\hooks\\useApiWithRetry.ts","statementMap":{"0":{"start":{"line":1,"column":0},"end":{"line":1,"column":46}},"1":{"start":{"line":16,"column":31},"end":{"line":60,"column":1}},"2":{"start":{"line":17,"column":2},"end":{"line":17,"column":null}},"3":{"start":{"line":19,"column":48},"end":{"line":19,"column":56}},"4":{"start":{"line":19,"column":20},"end":{"line":19,"column":26}},"5":{"start":{"line":19,"column":36},"end":{"line":19,"column":48}},"6":{"start":{"line":20,"column":36},"end":{"line":20,"column":51}},"7":{"start":{"line":20,"column":18},"end":{"line":20,"column":20}},"8":{"start":{"line":20,"column":32},"end":{"line":20,"column":36}},"9":{"start":{"line":21,"column":28},"end":{"line":21,"column":56}},"10":{"start":{"line":21,"column":14},"end":{"line":21,"column":16}},"11":{"start":{"line":21,"column":24},"end":{"line":21,"column":28}},"12":{"start":{"line":22,"column":38},"end":{"line":22,"column":49}},"13":{"start":{"line":22,"column":19},"end":{"line":22,"column":21}},"14":{"start":{"line":22,"column":34},"end":{"line":22,"column":38}},"15":{"start":{"line":24,"column":18},"end":{"line":56,"column":null}},"16":{"start":{"line":25,"column":30},"end":{"line":55,"column":null}},"17":{"start":{"line":26,"column":6},"end":{"line":26,"column":25}},"18":{"start":{"line":27,"column":6},"end":{"line":27,"column":21}},"19":{"start":{"line":28,"column":6},"end":{"line":28,"column":23}},"20":{"start":{"line":30,"column":10},"end":{"line":30,"column":27}},"21":{"start":{"line":32,"column":12},"end":{"line":52,"column":8}},"22":{"start":{"line":32,"column":29},"end":{"line":52,"column":8}},"23":{"start":{"line":34,"column":27},"end":{"line":34,"column":null}},"24":{"start":{"line":34,"column":16},"end":{"line":34,"column":null}},"25":{"start":{"line":35,"column":10},"end":{"line":35,"column":30}},"26":{"start":{"line":36,"column":10},"end":{"line":36,"column":26}},"27":{"start":{"line":38,"column":16},"end":{"line":38,"column":42}},"28":{"start":{"line":40,"column":14},"end":{"line":40,"column":26}},"29":{"start":{"line":41,"column":12},"end":{"line":41,"column":27}},"30":{"start":{"line":42,"column":12},"end":{"line":42,"column":40}},"31":{"start":{"line":44,"column":12},"end":{"line":44,"column":89}},"32":{"start":{"line":44,"column":41},"end":{"line":44,"column":88}},"33":{"start":{"line":45,"column":12},"end":{"line":45,"column":36}},"34":{"start":{"line":48,"column":10},"end":{"line":48,"column":26}},"35":{"start":{"line":49,"column":10},"end":{"line":49,"column":30}},"36":{"start":{"line":50,"column":10},"end":{"line":50,"column":22}},"37":{"start":{"line":54,"column":6},"end":{"line":54,"column":30}},"38":{"start":{"line":59,"column":2},"end":{"line":59,"column":51}},"39":{"start":{"line":16,"column":13},"end":{"line":16,"column":31}},"40":{"start":{"line":62,"column":25},"end":{"line":67,"column":1}},"41":{"start":{"line":64,"column":2},"end":{"line":64,"column":35}},"42":{"start":{"line":64,"column":23},"end":{"line":64,"column":35}},"43":{"start":{"line":65,"column":17},"end":{"line":65,"column":38}},"44":{"start":{"line":66,"column":2},"end":{"line":66,"column":40}}},"fnMap":{"0":{"name":"(anonymous_13)","decl":{"start":{"line":16,"column":31},"end":{"line":16,"column":null}},"loc":{"start":{"line":17,"column":38},"end":{"line":60,"column":1}}},"1":{"name":"(anonymous_14)","decl":{"start":{"line":25,"column":4},"end":{"line":25,"column":11}},"loc":{"start":{"line":25,"column":30},"end":{"line":55,"column":null}}},"2":{"name":"(anonymous_15)","decl":{"start":{"line":25,"column":40},"end":{"line":25,"column":null}},"loc":{"start":{"line":25,"column":40},"end":{"line":55,"column":null}}},"3":{"name":"(anonymous_17)","decl":{"start":{"line":32,"column":29},"end":{"line":32,"column":39}},"loc":{"start":{"line":32,"column":29},"end":{"line":52,"column":8}}},"4":{"name":"(anonymous_18)","decl":{"start":{"line":32,"column":46},"end":{"line":32,"column":null}},"loc":{"start":{"line":32,"column":46},"end":{"line":52,"column":8}}},"5":{"name":"(anonymous_20)","decl":{"start":{"line":44,"column":30},"end":{"line":44,"column":37}},"loc":{"start":{"line":44,"column":37},"end":{"line":44,"column":51}}},"6":{"name":"(anonymous_21)","decl":{"start":{"line":62,"column":25},"end":{"line":62,"column":26}},"loc":{"start":{"line":62,"column":43},"end":{"line":67,"column":1}}}},"branchMap":{"0":{"loc":{"start":{"line":17,"column":2},"end":{"line":17,"column":null}},"type":"if","locations":[{"start":{"line":17,"column":2},"end":{"line":17,"column":null}}]},"1":{"loc":{"start":{"line":19,"column":20},"end":{"line":19,"column":26}},"type":"cond-expr","locations":[{"start":{"line":19,"column":23},"end":{"line":19,"column":24}},{"start":{"line":19,"column":24},"end":{"line":19,"column":26}}]},"2":{"loc":{"start":{"line":19,"column":36},"end":{"line":19,"column":48}},"type":"cond-expr","locations":[{"start":{"line":19,"column":39},"end":{"line":19,"column":43}},{"start":{"line":19,"column":43},"end":{"line":19,"column":48}}]},"3":{"loc":{"start":{"line":40,"column":14},"end":{"line":40,"column":26}},"type":"if","locations":[{"start":{"line":40,"column":14},"end":{"line":40,"column":26}}]},"4":{"loc":{"start":{"line":40,"column":14},"end":{"line":40,"column":66}},"type":"binary-expr","locations":[{"start":{"line":40,"column":14},"end":{"line":40,"column":39}},{"start":{"line":40,"column":43},"end":{"line":40,"column":66}}]},"5":{"loc":{"start":{"line":64,"column":2},"end":{"line":64,"column":35}},"type":"if","locations":[{"start":{"line":64,"column":2},"end":{"line":64,"column":35}}]},"6":{"loc":{"start":{"line":66,"column":9},"end":{"line":66,"column":39}},"type":"binary-expr","locations":[{"start":{"line":66,"column":9},"end":{"line":66,"column":22}},{"start":{"line":66,"column":26},"end":{"line":66,"column":39}}]}},"s":{"0":0,"1":0,"2":0,"3":0,"4":0,"5":0,"6":0,"7":0,"8":0,"9":0,"10":0,"11":0,"12":0,"13":0,"14":0,"15":0,"16":0,"17":0,"18":0,"19":0,"20":0,"21":0,"22":0,"23":0,"24":0,"25":0,"26":0,"27":0,"28":0,"29":0,"30":0,"31":0,"32":0,"33":0,"34":0,"35":0,"36":0,"37":0,"38":0,"39":0,"40":0,"41":0,"42":0,"43":0,"44":0},"f":{"0":0,"1":0,"2":0,"3":0,"4":0,"5":0,"6":0},"b":{"0":[0],"1":[0,0],"2":[0,0],"3":[0],"4":[0,0],"5":[0],"6":[0,0]}}
,"D:\\engr510_final_project\\frontend\\src\\hooks\\useAppStore.ts": {"path":"D:\\engr510_final_project\\frontend\\src\\hooks\\useAppStore.ts","statementMap":{"0":{"start":{"line":1,"column":0},"end":{"line":1,"column":77}},"1":{"start":{"line":4,"column":13},"end":{"line":4,"column":61}},"2":{"start":{"line":5,"column":13},"end":{"line":5,"column":75}}},"fnMap":{},"branchMap":{},"s":{"0":0,"1":0,"2":0},"f":{},"b":{}}
,"D:\\engr510_final_project\\frontend\\src\\hooks\\useAuth.ts": {"path":"D:\\engr510_final_project\\frontend\\src\\hooks\\useAuth.ts","statementMap":{"0":{"start":{"line":1,"column":0},"end":{"line":1,"column":55}},"1":{"start":{"line":3,"column":0},"end":{"line":3,"column":null}},"2":{"start":{"line":9,"column":0},"end":{"line":9,"column":47}},"3":{"start":{"line":11,"column":23},"end":{"line":77,"column":1}},"4":{"start":{"line":12,"column":19},"end":{"line":12,"column":45}},"5":{"start":{"line":13,"column":72},"end":{"line":14,"column":null}},"6":{"start":{"line":14,"column":26},"end":{"line":14,"column":null}},"7":{"start":{"line":13,"column":25},"end":{"line":13,"column":27}},"8":{"start":{"line":13,"column":34},"end":{"line":13,"column":36}},"9":{"start":{"line":13,"column":41},"end":{"line":13,"column":43}},"10":{"start":{"line":13,"column":48},"end":{"line":13,"column":50}},"11":{"start":{"line":13,"column":54},"end":{"line":13,"column":56}},"12":{"start":{"line":13,"column":67},"end":{"line":13,"column":72}},"13":{"start":{"line":18,"column":2},"end":{"line":33,"column":41}},"14":{"start":{"line":21,"column":4},"end":{"line":26,"column":null}},"15":{"start":{"line":23,"column":6},"end":{"line":25,"column":25}},"16":{"start":{"line":24,"column":8},"end":{"line":24,"column":39}},"17":{"start":{"line":28,"column":4},"end":{"line":32,"column":6}},"18":{"start":{"line":29,"column":6},"end":{"line":31,"column":null}},"19":{"start":{"line":30,"column":8},"end":{"line":30,"column":39}},"20":{"start":{"line":35,"column":16},"end":{"line":41,"column":16}},"21":{"start":{"line":35,"column":68},"end":{"line":35,"column":null}},"22":{"start":{"line":37,"column":6},"end":{"line":37,"column":76}},"23":{"start":{"line":39,"column":6},"end":{"line":39,"column":18}},"24":{"start":{"line":43,"column":19},"end":{"line":49,"column":16}},"25":{"start":{"line":43,"column":69},"end":{"line":49,"column":5}},"26":{"start":{"line":45,"column":6},"end":{"line":45,"column":67}},"27":{"start":{"line":47,"column":6},"end":{"line":47,"column":18}},"28":{"start":{"line":51,"column":17},"end":{"line":53,"column":16}},"29":{"start":{"line":52,"column":4},"end":{"line":52,"column":29}},"30":{"start":{"line":55,"column":23},"end":{"line":63,"column":24}},"31":{"start":{"line":55,"column":35},"end":{"line":63,"column":5}},"32":{"start":{"line":57,"column":6},"end":{"line":57,"column":52}},"33":{"start":{"line":60,"column":6},"end":{"line":60,"column":15}},"34":{"start":{"line":61,"column":6},"end":{"line":61,"column":18}},"35":{"start":{"line":65,"column":2},"end":{"line":76,"column":4}},"36":{"start":{"line":11,"column":13},"end":{"line":11,"column":23}}},"fnMap":{"0":{"name":"(anonymous_13)","decl":{"start":{"line":11,"column":23},"end":{"line":11,"column":null}},"loc":{"start":{"line":11,"column":23},"end":{"line":77,"column":1}}},"1":{"name":"(anonymous_14)","decl":{"start":{"line":14,"column":4},"end":{"line":14,"column":5}},"loc":{"start":{"line":14,"column":21},"end":{"line":14,"column":31}}},"2":{"name":"(anonymous_15)","decl":{"start":{"line":18,"column":12},"end":{"line":18,"column":null}},"loc":{"start":{"line":18,"column":12},"end":{"line":33,"column":3}}},"3":{"name":"(anonymous_16)","decl":{"start":{"line":23,"column":36},"end":{"line":23,"column":null}},"loc":{"start":{"line":23,"column":36},"end":{"line":25,"column":7}}},"4":{"name":"(anonymous_17)","decl":{"start":{"line":28,"column":11},"end":{"line":28,"column":null}},"loc":{"start":{"line":28,"column":11},"end":{"line":32,"column":5}}},"5":{"name":"(anonymous_18)","decl":{"start":{"line":35,"column":28},"end":{"line":35,"column":35}},"loc":{"start":{"line":35,"column":95},"end":{"line":41,"column":5}}},"6":{"name":"(anonymous_21)","decl":{"start":{"line":43,"column":31},"end":{"line":43,"column":38}},"loc":{"start":{"line":43,"column":69},"end":{"line":49,"column":5}}},"7":{"name":"(anonymous_22)","decl":{"start":{"line":43,"column":69},"end":{"line":43,"column":null}},"loc":{"start":{"line":43,"column":69},"end":{"line":49,"column":5}}},"8":{"name":"(anonymous_24)","decl":{"start":{"line":51,"column":29},"end":{"line":51,"column":null}},"loc":{"start":{"line":51,"column":29},"end":{"line":53,"column":3}}},"9":{"name":"(anonymous_25)","decl":{"start":{"line":55,"column":35},"end":{"line":55,"column":null}},"loc":{"start":{"line":55,"column":35},"end":{"line":63,"column":5}}}},"branchMap":{"0":{"loc":{"start":{"line":21,"column":4},"end":{"line":26,"column":null}},"type":"if","locations":[{"start":{"line":21,"column":4},"end":{"line":26,"column":null}}]},"1":{"loc":{"start":{"line":21,"column":8},"end":{"line":21,"column":32}},"type":"binary-expr","locations":[{"start":{"line":21,"column":8},"end":{"line":21,"column":23}},{"start":{"line":21,"column":27},"end":{"line":21,"column":32}}]},"2":{"loc":{"start":{"line":29,"column":6},"end":{"line":31,"column":null}},"type":"if","locations":[{"start":{"line":29,"column":6},"end":{"line":31,"column":null}}]},"3":{"loc":{"start":{"line":35,"column":68},"end":{"line":35,"column":null}},"type":"if","locations":[{"start":{"line":35,"column":68},"end":{"line":35,"column":null}}]}},"s":{"0":0,"1":0,"2":0,"3":0,"4":0,"5":0,"6":0,"7":0,"8":0,"9":0,"10":0,"11":0,"12":0,"13":0,"14":0,"15":0,"16":0,"17":0,"18":0,"19":0,"20":0,"21":0,"22":0,"23":0,"24":0,"25":0,"26":0,"27":0,"28":0,"29":0,"30":0,"31":0,"32":0,"33":0,"34":0,"35":0,"36":0},"f":{"0":0,"1":0,"2":0,"3":0,"4":0,"5":0,"6":0,"7":0,"8":0,"9":0},"b":{"0":[0],"1":[0,0],"2":[0],"3":[0]}}
,"D:\\engr510_final_project\\frontend\\src\\hooks\\useAuth.tsx": {"path":"D:\\engr510_final_project\\frontend\\src\\hooks\\useAuth.tsx","statementMap":{"0":{"start":{"line":1,"column":0},"end":{"line":1,"column":55}},"1":{"start":{"line":3,"column":0},"end":{"line":3,"column":90}},"2":{"start":{"line":5,"column":23},"end":{"line":31,"column":1}},"3":{"start":{"line":6,"column":19},"end":{"line":6,"column":32}},"4":{"start":{"line":7,"column":52},"end":{"line":8,"column":null}},"5":{"start":{"line":8,"column":26},"end":{"line":8,"column":null}},"6":{"start":{"line":7,"column":25},"end":{"line":7,"column":27}},"7":{"start":{"line":7,"column":34},"end":{"line":7,"column":36}},"8":{"start":{"line":7,"column":41},"end":{"line":7,"column":43}},"9":{"start":{"line":7,"column":47},"end":{"line":7,"column":52}},"10":{"start":{"line":11,"column":16},"end":{"line":17,"column":4}},"11":{"start":{"line":11,"column":54},"end":{"line":17,"column":4}},"12":{"start":{"line":13,"column":6},"end":{"line":13,"column":64}},"13":{"start":{"line":15,"column":6},"end":{"line":15,"column":16}},"14":{"start":{"line":19,"column":17},"end":{"line":21,"column":3}},"15":{"start":{"line":20,"column":4},"end":{"line":20,"column":29}},"16":{"start":{"line":23,"column":2},"end":{"line":30,"column":4}},"17":{"start":{"line":5,"column":13},"end":{"line":5,"column":23}}},"fnMap":{"0":{"name":"(anonymous_13)","decl":{"start":{"line":5,"column":23},"end":{"line":5,"column":null}},"loc":{"start":{"line":5,"column":23},"end":{"line":31,"column":1}}},"1":{"name":"(anonymous_14)","decl":{"start":{"line":8,"column":4},"end":{"line":8,"column":5}},"loc":{"start":{"line":8,"column":21},"end":{"line":8,"column":31}}},"2":{"name":"(anonymous_15)","decl":{"start":{"line":11,"column":16},"end":{"line":11,"column":23}},"loc":{"start":{"line":11,"column":54},"end":{"line":17,"column":4}}},"3":{"name":"(anonymous_16)","decl":{"start":{"line":11,"column":54},"end":{"line":11,"column":null}},"loc":{"start":{"line":11,"column":54},"end":{"line":17,"column":4}}},"4":{"name":"(anonymous_18)","decl":{"start":{"line":19,"column":17},"end":{"line":19,"column":null}},"loc":{"start":{"line":19,"column":17},"end":{"line":21,"column":3}}}},"branchMap":{},"s":{"0":0,"1":0,"2":0,"3":0,"4":0,"5":0,"6":0,"7":0,"8":0,"9":0,"10":0,"11":0,"12":0,"13":0,"14":0,"15":0,"16":0,"17":0},"f":{"0":0,"1":0,"2":0,"3":0,"4":0},"b":{}}
,"D:\\engr510_final_project\\frontend\\src\\services\\projectService.ts": {"path":"D:\\engr510_final_project\\frontend\\src\\services\\projectService.ts","statementMap":{"0":{"start":{"line":1,"column":0},"end":{"line":1,"column":26}},"1":{"start":{"line":12,"column":16},"end":{"line":12,"column":76}},"2":{"start":{"line":15,"column":12},"end":{"line":20,"column":2}},"3":{"start":{"line":23,"column":0},"end":{"line":29,"column":3}},"4":{"start":{"line":24,"column":16},"end":{"line":24,"column":45}},"5":{"start":{"line":25,"column":2},"end":{"line":27,"column":null}},"6":{"start":{"line":26,"column":4},"end":{"line":26,"column":53}},"7":{"start":{"line":28,"column":2},"end":{"line":28,"column":16}},"8":{"start":{"line":32,"column":29},"end":{"line":35,"column":2}},"9":{"start":{"line":32,"column":62},"end":{"line":35,"column":2}},"10":{"start":{"line":33,"column":19},"end":{"line":33,"column":null}},"11":{"start":{"line":33,"column":8},"end":{"line":33,"column":null}},"12":{"start":{"line":34,"column":2},"end":{"line":34,"column":23}},"13":{"start":{"line":32,"column":13},"end":{"line":32,"column":29}},"14":{"start":{"line":37,"column":27},"end":{"line":40,"column":2}},"15":{"start":{"line":38,"column":19},"end":{"line":38,"column":null}},"16":{"start":{"line":38,"column":8},"end":{"line":38,"column":null}},"17":{"start":{"line":39,"column":2},"end":{"line":39,"column":23}},"18":{"start":{"line":37,"column":13},"end":{"line":37,"column":27}},"19":{"start":{"line":42,"column":26},"end":{"line":45,"column":2}},"20":{"start":{"line":42,"column":43},"end":{"line":45,"column":2}},"21":{"start":{"line":43,"column":19},"end":{"line":43,"column":null}},"22":{"start":{"line":43,"column":8},"end":{"line":43,"column":null}},"23":{"start":{"line":44,"column":2},"end":{"line":44,"column":23}},"24":{"start":{"line":42,"column":13},"end":{"line":42,"column":26}},"25":{"start":{"line":47,"column":29},"end":{"line":50,"column":2}},"26":{"start":{"line":47,"column":74},"end":{"line":50,"column":2}},"27":{"start":{"line":48,"column":19},"end":{"line":48,"column":null}},"28":{"start":{"line":48,"column":8},"end":{"line":48,"column":null}},"29":{"start":{"line":49,"column":2},"end":{"line":49,"column":23}},"30":{"start":{"line":47,"column":13},"end":{"line":47,"column":29}},"31":{"start":{"line":52,"column":29},"end":{"line":54,"column":2}},"32":{"start":{"line":52,"column":46},"end":{"line":54,"column":2}},"33":{"start":{"line":53,"column":2},"end":{"line":53,"column":38}},"34":{"start":{"line":52,"column":13},"end":{"line":52,"column":29}},"35":{"start":{"line":57,"column":30},"end":{"line":60,"column":2}},"36":{"start":{"line":57,"column":83},"end":{"line":60,"column":2}},"37":{"start":{"line":58,"column":19},"end":{"line":58,"column":null}},"38":{"start":{"line":58,"column":8},"end":{"line":58,"column":null}},"39":{"start":{"line":59,"column":2},"end":{"line":59,"column":23}},"40":{"start":{"line":57,"column":13},"end":{"line":57,"column":30}},"41":{"start":{"line":62,"column":28},"end":{"line":65,"column":2}},"42":{"start":{"line":62,"column":52},"end":{"line":65,"column":2}},"43":{"start":{"line":63,"column":19},"end":{"line":63,"column":null}},"44":{"start":{"line":63,"column":8},"end":{"line":63,"column":null}},"45":{"start":{"line":64,"column":2},"end":{"line":64,"column":23}},"46":{"start":{"line":62,"column":13},"end":{"line":62,"column":28}},"47":{"start":{"line":68,"column":30},"end":{"line":71,"column":2}},"48":{"start":{"line":68,"column":83},"end":{"line":71,"column":2}},"49":{"start":{"line":69,"column":19},"end":{"line":69,"column":null}},"50":{"start":{"line":69,"column":8},"end":{"line":69,"column":null}},"51":{"start":{"line":70,"column":2},"end":{"line":70,"column":23}},"52":{"start":{"line":68,"column":13},"end":{"line":68,"column":30}},"53":{"start":{"line":73,"column":27},"end":{"line":76,"column":2}},"54":{"start":{"line":73,"column":51},"end":{"line":76,"column":2}},"55":{"start":{"line":74,"column":19},"end":{"line":74,"column":null}},"56":{"start":{"line":74,"column":8},"end":{"line":74,"column":null}},"57":{"start":{"line":75,"column":2},"end":{"line":75,"column":23}},"58":{"start":{"line":73,"column":13},"end":{"line":73,"column":27}},"59":{"start":{"line":78,"column":27},"end":{"line":81,"column":2}},"60":{"start":{"line":78,"column":71},"end":{"line":81,"column":2}},"61":{"start":{"line":79,"column":19},"end":{"line":79,"column":null}},"62":{"start":{"line":79,"column":8},"end":{"line":79,"column":null}},"63":{"start":{"line":80,"column":2},"end":{"line":80,"column":23}},"64":{"start":{"line":78,"column":13},"end":{"line":78,"column":27}}},"fnMap":{"0":{"name":"(anonymous_14)","decl":{"start":{"line":23,"column":29},"end":{"line":23,"column":30}},"loc":{"start":{"line":23,"column":36},"end":{"line":29,"column":1}}},"1":{"name":"(anonymous_15)","decl":{"start":{"line":32,"column":29},"end":{"line":32,"column":36}},"loc":{"start":{"line":32,"column":62},"end":{"line":35,"column":2}}},"2":{"name":"(anonymous_16)","decl":{"start":{"line":32,"column":72},"end":{"line":32,"column":null}},"loc":{"start":{"line":32,"column":72},"end":{"line":35,"column":2}}},"3":{"name":"(anonymous_18)","decl":{"start":{"line":37,"column":27},"end":{"line":37,"column":37}},"loc":{"start":{"line":37,"column":27},"end":{"line":40,"column":2}}},"4":{"name":"(anonymous_19)","decl":{"start":{"line":37,"column":44},"end":{"line":37,"column":null}},"loc":{"start":{"line":37,"column":44},"end":{"line":40,"column":2}}},"5":{"name":"(anonymous_21)","decl":{"start":{"line":42,"column":26},"end":{"line":42,"column":33}},"loc":{"start":{"line":42,"column":43},"end":{"line":45,"column":2}}},"6":{"name":"(anonymous_22)","decl":{"start":{"line":42,"column":53},"end":{"line":42,"column":null}},"loc":{"start":{"line":42,"column":53},"end":{"line":45,"column":2}}},"7":{"name":"(anonymous_24)","decl":{"start":{"line":47,"column":29},"end":{"line":47,"column":36}},"loc":{"start":{"line":47,"column":74},"end":{"line":50,"column":2}}},"8":{"name":"(anonymous_25)","decl":{"start":{"line":47,"column":84},"end":{"line":47,"column":null}},"loc":{"start":{"line":47,"column":84},"end":{"line":50,"column":2}}},"9":{"name":"(anonymous_27)","decl":{"start":{"line":52,"column":29},"end":{"line":52,"column":36}},"loc":{"start":{"line":52,"column":46},"end":{"line":54,"column":2}}},"10":{"name":"(anonymous_28)","decl":{"start":{"line":52,"column":56},"end":{"line":52,"column":null}},"loc":{"start":{"line":52,"column":56},"end":{"line":54,"column":2}}},"11":{"name":"(anonymous_30)","decl":{"start":{"line":57,"column":30},"end":{"line":57,"column":37}},"loc":{"start":{"line":57,"column":83},"end":{"line":60,"column":2}}},"12":{"name":"(anonymous_31)","decl":{"start":{"line":57,"column":93},"end":{"line":57,"column":null}},"loc":{"start":{"line":57,"column":93},"end":{"line":60,"column":2}}},"13":{"name":"(anonymous_33)","decl":{"start":{"line":62,"column":28},"end":{"line":62,"column":35}},"loc":{"start":{"line":62,"column":52},"end":{"line":65,"column":2}}},"14":{"name":"(anonymous_34)","decl":{"start":{"line":62,"column":62},"end":{"line":62,"column":null}},"loc":{"start":{"line":62,"column":62},"end":{"line":65,"column":2}}},"15":{"name":"(anonymous_36)","decl":{"start":{"line":68,"column":30},"end":{"line":68,"column":37}},"loc":{"start":{"line":68,"column":83},"end":{"line":71,"column":2}}},"16":{"name":"(anonymous_37)","decl":{"start":{"line":68,"column":93},"end":{"line":68,"column":null}},"loc":{"start":{"line":68,"column":93},"end":{"line":71,"column":2}}},"17":{"name":"(anonymous_39)","decl":{"start":{"line":73,"column":27},"end":{"line":73,"column":34}},"loc":{"start":{"line":73,"column":51},"end":{"line":76,"column":2}}},"18":{"name":"(anonymous_40)","decl":{"start":{"line":73,"column":61},"end":{"line":73,"column":null}},"loc":{"start":{"line":73,"column":61},"end":{"line":76,"column":2}}},"19":{"name":"(anonymous_42)","decl":{"start":{"line":78,"column":27},"end":{"line":78,"column":34}},"loc":{"start":{"line":78,"column":71},"end":{"line":81,"column":2}}},"20":{"name":"(anonymous_43)","decl":{"start":{"line":78,"column":81},"end":{"line":78,"column":null}},"loc":{"start":{"line":78,"column":81},"end":{"line":81,"column":2}}}},"branchMap":{"0":{"loc":{"start":{"line":12,"column":16},"end":{"line":12,"column":76}},"type":"binary-expr","locations":[{"start":{"line":12,"column":16},"end":{"line":12,"column":45}},{"start":{"line":12,"column":49},"end":{"line":12,"column":76}}]},"1":{"loc":{"start":{"line":25,"column":2},"end":{"line":27,"column":null}},"type":"if","locations":[{"start":{"line":25,"column":2},"end":{"line":27,"column":null}}]},"2":{"loc":{"start":{"line":33,"column":19},"end":{"line":33,"column":null}},"type":"switch","locations":[{"start":{"line":33,"column":19},"end":{"line":33,"column":null}}]},"3":{"loc":{"start":{"line":38,"column":19},"end":{"line":38,"column":null}},"type":"switch","locations":[{"start":{"line":38,"column":19},"end":{"line":38,"column":null}}]},"4":{"loc":{"start":{"line":43,"column":19},"end":{"line":43,"column":null}},"type":"switch","locations":[{"start":{"line":43,"column":19},"end":{"line":43,"column":null}}]},"5":{"loc":{"start":{"line":48,"column":19},"end":{"line":48,"column":null}},"type":"switch","locations":[{"start":{"line":48,"column":19},"end":{"line":48,"column":null}}]},"6":{"loc":{"start":{"line":53,"column":2},"end":{"line":53,"column":38}},"type":"switch","locations":[{"start":{"line":53,"column":2},"end":{"line":53,"column":38}}]},"7":{"loc":{"start":{"line":58,"column":19},"end":{"line":58,"column":null}},"type":"switch","locations":[{"start":{"line":58,"column":19},"end":{"line":58,"column":null}}]},"8":{"loc":{"start":{"line":63,"column":19},"end":{"line":63,"column":null}},"type":"switch","locations":[{"start":{"line":63,"column":19},"end":{"line":63,"column":null}}]},"9":{"loc":{"start":{"line":69,"column":19},"end":{"line":69,"column":null}},"type":"switch","locations":[{"start":{"line":69,"column":19},"end":{"line":69,"column":null}}]},"10":{"loc":{"start":{"line":74,"column":19},"end":{"line":74,"column":null}},"type":"switch","locations":[{"start":{"line":74,"column":19},"end":{"line":74,"column":null}}]},"11":{"loc":{"start":{"line":79,"column":19},"end":{"line":79,"column":null}},"type":"switch","locations":[{"start":{"line":79,"column":19},"end":{"line":79,"column":null}}]}},"s":{"0":0,"1":0,"2":0,"3":0,"4":0,"5":0,"6":0,"7":0,"8":0,"9":0,"10":0,"11":0,"12":0,"13":0,"14":0,"15":0,"16":0,"17":0,"18":0,"19":0,"20":0,"21":0,"22":0,"23":0,"24":0,"25":0,"26":0,"27":0,"28":0,"29":0,"30":0,"31":0,"32":0,"33":0,"34":0,"35":0,"36":0,"37":0,"38":0,"39":0,"40":0,"41":0,"42":0,"43":0,"44":0,"45":0,"46":0,"47":0,"48":0,"49":0,"50":0,"51":0,"52":0,"53":0,"54":0,"55":0,"56":0,"57":0,"58":0,"59":0,"60":0,"61":0,"62":0,"63":0,"64":0},"f":{"0":0,"1":0,"2":0,"3":0,"4":0,"5":0,"6":0,"7":0,"8":0,"9":0,"10":0,"11":0,"12":0,"13":0,"14":0,"15":0,"16":0,"17":0,"18":0,"19":0,"20":0},"b":{"0":[0,0],"1":[0],"2":[0],"3":[0],"4":[0],"5":[0],"6":[0],"7":[0],"8":[0],"9":[0],"10":[0],"11":[0]}}
,"D:\\engr510_final_project\\frontend\\src\\services\\websocket.ts": {"path":"D:\\engr510_final_project\\frontend\\src\\services\\websocket.ts","statementMap":{"0":{"start":{"line":2,"column":0},"end":{"line":2,"column":96}},"1":{"start":{"line":3,"column":0},"end":{"line":3,"column":72}},"2":{"start":{"line":5,"column":0},"end":{"line":5,"column":13}},"3":{"start":{"line":6,"column":10},"end":{"line":6,"column":38}},"4":{"start":{"line":8,"column":10},"end":{"line":8,"column":37}},"5":{"start":{"line":11,"column":4},"end":{"line":11,"column":72}},"6":{"start":{"line":14,"column":2},"end":{"line":16,"column":null}},"7":{"start":{"line":15,"column":4},"end":{"line":15,"column":23}},"8":{"start":{"line":18,"column":10},"end":{"line":23,"column":null}},"9":{"start":{"line":19,"column":4},"end":{"line":21,"column":null}},"10":{"start":{"line":20,"column":6},"end":{"line":20,"column":50}},"11":{"start":{"line":22,"column":4},"end":{"line":22,"column":22}},"12":{"start":{"line":25,"column":2},"end":{"line":113,"column":null}},"13":{"start":{"line":25,"column":2},"end":{"line":25,"column":9}},"14":{"start":{"line":26,"column":4},"end":{"line":26,"column":55}},"15":{"start":{"line":26,"column":48},"end":{"line":26,"column":55}},"16":{"start":{"line":28,"column":4},"end":{"line":28,"column":38}},"17":{"start":{"line":29,"column":18},"end":{"line":29,"column":36}},"18":{"start":{"line":31,"column":4},"end":{"line":34,"column":6}},"19":{"start":{"line":32,"column":6},"end":{"line":32,"column":43}},"20":{"start":{"line":33,"column":6},"end":{"line":33,"column":41}},"21":{"start":{"line":36,"column":4},"end":{"line":41,"column":6}},"22":{"start":{"line":37,"column":6},"end":{"line":37,"column":44}},"23":{"start":{"line":38,"column":6},"end":{"line":38,"column":44}},"24":{"start":{"line":40,"column":6},"end":{"line":40,"column":45}},"25":{"start":{"line":40,"column":23},"end":{"line":40,"column":39}},"26":{"start":{"line":43,"column":4},"end":{"line":107,"column":6}},"27":{"start":{"line":44,"column":6},"end":{"line":106,"column":null}},"28":{"start":{"line":45,"column":24},"end":{"line":45,"column":46}},"29":{"start":{"line":46,"column":22},"end":{"line":46,"column":40}},"30":{"start":{"line":48,"column":8},"end":{"line":102,"column":null}},"31":{"start":{"line":50,"column":12},"end":{"line":56,"column":16}},"32":{"start":{"line":59,"column":12},"end":{"line":64,"column":16}},"33":{"start":{"line":67,"column":12},"end":{"line":70,"column":null}},"34":{"start":{"line":68,"column":14},"end":{"line":68,"column":62}},"35":{"start":{"line":69,"column":14},"end":{"line":69,"column":62}},"36":{"start":{"line":71,"column":12},"end":{"line":71,"column":18}},"37":{"start":{"line":74,"column":12},"end":{"line":79,"column":16}},"38":{"start":{"line":80,"column":12},"end":{"line":80,"column":48}},"39":{"start":{"line":81,"column":12},"end":{"line":81,"column":18}},"40":{"start":{"line":84,"column":12},"end":{"line":89,"column":16}},"41":{"start":{"line":90,"column":12},"end":{"line":90,"column":49}},"42":{"start":{"line":91,"column":12},"end":{"line":91,"column":18}},"43":{"start":{"line":94,"column":12},"end":{"line":99,"column":16}},"44":{"start":{"line":100,"column":12},"end":{"line":100,"column":49}},"45":{"start":{"line":101,"column":12},"end":{"line":101,"column":18}},"46":{"start":{"line":104,"column":8},"end":{"line":104,"column":65}},"47":{"start":{"line":105,"column":8},"end":{"line":105,"column":58}},"48":{"start":{"line":109,"column":4},"end":{"line":112,"column":6}},"49":{"start":{"line":110,"column":6},"end":{"line":110,"column":47}},"50":{"start":{"line":111,"column":6},"end":{"line":111,"column":43}},"51":{"start":{"line":115,"column":2},"end":{"line":130,"column":null}},"52":{"start":{"line":116,"column":4},"end":{"line":129,"column":null}},"53":{"start":{"line":117,"column":20},"end":{"line":117,"column":38}},"54":{"start":{"line":118,"column":6},"end":{"line":118,"column":42}},"55":{"start":{"line":119,"column":6},"end":{"line":119,"column":48}},"56":{"start":{"line":121,"column":6},"end":{"line":121,"column":50}},"57":{"start":{"line":122,"column":20},"end":{"line":122,"column":38}},"58":{"start":{"line":123,"column":6},"end":{"line":128,"column":10}},"59":{"start":{"line":132,"column":2},"end":{"line":137,"column":null}},"60":{"start":{"line":133,"column":4},"end":{"line":136,"column":null}},"61":{"start":{"line":134,"column":6},"end":{"line":134,"column":22}},"62":{"start":{"line":135,"column":6},"end":{"line":135,"column":21}},"63":{"start":{"line":138,"column":0},"end":{"line":138,"column":null}},"64":{"start":{"line":5,"column":13},"end":{"line":5,"column":29}},"65":{"start":{"line":141,"column":2},"end":{"line":141,"column":32}},"66":{"start":{"line":140,"column":0},"end":{"line":140,"column":16}}},"fnMap":{"0":{"name":"(anonymous_0)","decl":{"start":{"line":5,"column":0},"end":{"line":5,"column":13}},"loc":{"start":{"line":5,"column":0},"end":{"line":138,"column":null}}},"1":{"name":"WebSocketService","decl":{"start":{"line":10,"column":2},"end":{"line":10,"column":null}},"loc":{"start":{"line":10,"column":2},"end":{"line":12,"column":3}}},"2":{"name":"(anonymous_2)","decl":{"start":{"line":14,"column":2},"end":{"line":14,"column":10}},"loc":{"start":{"line":14,"column":23},"end":{"line":16,"column":3}}},"3":{"name":"(anonymous_3)","decl":{"start":{"line":18,"column":2},"end":{"line":18,"column":10}},"loc":{"start":{"line":18,"column":2},"end":{"line":23,"column":3}}},"4":{"name":"(anonymous_4)","decl":{"start":{"line":25,"column":2},"end":{"line":25,"column":9}},"loc":{"start":{"line":25,"column":2},"end":{"line":113,"column":3}}},"5":{"name":"(anonymous_5)","decl":{"start":{"line":31,"column":21},"end":{"line":31,"column":null}},"loc":{"start":{"line":31,"column":21},"end":{"line":34,"column":5}}},"6":{"name":"(anonymous_6)","decl":{"start":{"line":36,"column":22},"end":{"line":36,"column":null}},"loc":{"start":{"line":36,"column":22},"end":{"line":41,"column":5}}},"7":{"name":"(anonymous_7)","decl":{"start":{"line":40,"column":17},"end":{"line":40,"column":23}},"loc":{"start":{"line":40,"column":17},"end":{"line":40,"column":27}}},"8":{"name":"(anonymous_8)","decl":{"start":{"line":43,"column":24},"end":{"line":43,"column":25}},"loc":{"start":{"line":43,"column":30},"end":{"line":107,"column":5}}},"9":{"name":"(anonymous_9)","decl":{"start":{"line":109,"column":22},"end":{"line":109,"column":23}},"loc":{"start":{"line":109,"column":28},"end":{"line":112,"column":5}}},"10":{"name":"(anonymous_10)","decl":{"start":{"line":115,"column":2},"end":{"line":115,"column":13}},"loc":{"start":{"line":115,"column":29},"end":{"line":130,"column":3}}},"11":{"name":"(anonymous_11)","decl":{"start":{"line":132,"column":2},"end":{"line":132,"column":12}},"loc":{"start":{"line":132,"column":2},"end":{"line":137,"column":3}}},"12":{"name":"createWebSocketService","decl":{"start":{"line":140,"column":16},"end":{"line":140,"column":38}},"loc":{"start":{"line":140,"column":38},"end":{"line":142,"column":1}}}},"branchMap":{"0":{"loc":{"start":{"line":11,"column":15},"end":{"line":11,"column":71}},"type":"binary-expr","locations":[{"start":{"line":11,"column":15},"end":{"line":11,"column":43}},{"start":{"line":11,"column":47},"end":{"line":11,"column":71}}]},"1":{"loc":{"start":{"line":19,"column":4},"end":{"line":21,"column":null}},"type":"if","locations":[{"start":{"line":19,"column":4},"end":{"line":21,"column":null}}]},"2":{"loc":{"start":{"line":26,"column":4},"end":{"line":26,"column":55}},"type":"if","locations":[{"start":{"line":26,"column":4},"end":{"line":26,"column":55}}]},"3":{"loc":{"start":{"line":26,"column":8},"end":{"line":26,"column":27}},"type":"cond-expr","locations":[{"start":{"line":26,"column":15},"end":{"line":26,"column":17}},{"start":{"line":26,"column":15},"end":{"line":26,"column":27}}]},"4":{"loc":{"start":{"line":26,"column":8},"end":{"line":26,"column":17}},"type":"binary-expr","locations":[{"start":{"line":26,"column":8},"end":{"line":26,"column":17}},{"start":{"line":26,"column":15},"end":{"line":26,"column":17}}]},"5":{"loc":{"start":{"line":48,"column":8},"end":{"line":102,"column":null}},"type":"switch","locations":[{"start":{"line":49,"column":10},"end":{"line":71,"column":18}},{"start":{"line":73,"column":10},"end":{"line":81,"column":18}},{"start":{"line":83,"column":10},"end":{"line":91,"column":18}},{"start":{"line":93,"column":10},"end":{"line":101,"column":18}}]},"6":{"loc":{"start":{"line":61,"column":26},"end":{"line":61,"column":57}},"type":"binary-expr","locations":[{"start":{"line":61,"column":26},"end":{"line":61,"column":41}},{"start":{"line":61,"column":45},"end":{"line":61,"column":57}}]},"7":{"loc":{"start":{"line":67,"column":12},"end":{"line":70,"column":null}},"type":"if","locations":[{"start":{"line":67,"column":12},"end":{"line":70,"column":null}}]},"8":{"loc":{"start":{"line":67,"column":16},"end":{"line":67,"column":60}},"type":"binary-expr","locations":[{"start":{"line":67,"column":16},"end":{"line":67,"column":35}},{"start":{"line":67,"column":39},"end":{"line":67,"column":58}}]},"9":{"loc":{"start":{"line":67,"column":16},"end":{"line":67,"column":35}},"type":"cond-expr","locations":[{"start":{"line":67,"column":28},"end":{"line":67,"column":30}},{"start":{"line":67,"column":28},"end":{"line":67,"column":35}}]},"10":{"loc":{"start":{"line":67,"column":16},"end":{"line":67,"column":30}},"type":"binary-expr","locations":[{"start":{"line":67,"column":16},"end":{"line":67,"column":30}},{"start":{"line":67,"column":28},"end":{"line":67,"column":30}}]},"11":{"loc":{"start":{"line":67,"column":39},"end":{"line":67,"column":58}},"type":"cond-expr","locations":[{"start":{"line":67,"column":51},"end":{"line":67,"column":53}},{"start":{"line":67,"column":51},"end":{"line":67,"column":58}}]},"12":{"loc":{"start":{"line":67,"column":39},"end":{"line":67,"column":53}},"type":"binary-expr","locations":[{"start":{"line":67,"column":39},"end":{"line":67,"column":53}},{"start":{"line":67,"column":51},"end":{"line":67,"column":53}}]},"13":{"loc":{"start":{"line":116,"column":4},"end":{"line":129,"column":null}},"type":"if","locations":[{"start":{"line":116,"column":4},"end":{"line":129,"column":null}},{"start":{"line":120,"column":11},"end":{"line":129,"column":null}}]},"14":{"loc":{"start":{"line":116,"column":8},"end":{"line":116,"column":27}},"type":"cond-expr","locations":[{"start":{"line":116,"column":15},"end":{"line":116,"column":17}},{"start":{"line":116,"column":15},"end":{"line":116,"column":27}}]},"15":{"loc":{"start":{"line":116,"column":8},"end":{"line":116,"column":17}},"type":"binary-expr","locations":[{"start":{"line":116,"column":8},"end":{"line":116,"column":17}},{"start":{"line":116,"column":15},"end":{"line":116,"column":17}}]},"16":{"loc":{"start":{"line":133,"column":4},"end":{"line":136,"column":null}},"type":"if","locations":[{"start":{"line":133,"column":4},"end":{"line":136,"column":null}}]}},"s":{"0":0,"1":0,"2":0,"3":0,"4":0,"5":0,"6":0,"7":0,"8":0,"9":0,"10":0,"11":0,"12":0,"13":0,"14":0,"15":0,"16":0,"17":0,"18":0,"19":0,"20":0,"21":0,"22":0,"23":0,"24":0,"25":0,"26":0,"27":0,"28":0,"29":0,"30":0,"31":0,"32":0,"33":0,"34":0,"35":0,"36":0,"37":0,"38":0,"39":0,"40":0,"41":0,"42":0,"43":0,"44":0,"45":0,"46":0,"47":0,"48":0,"49":0,"50":0,"51":0,"52":0,"53":0,"54":0,"55":0,"56":0,"57":0,"58":0,"59":0,"60":0,"61":0,"62":0,"63":0,"64":0,"65":0,"66":0},"f":{"0":0,"1":0,"2":0,"3":0,"4":0,"5":0,"6":0,"7":0,"8":0,"9":0,"10":0,"11":0,"12":0},"b":{"0":[0,0],"1":[0],"2":[0],"3":[0,0],"4":[0,0],"5":[0,0,0,0],"6":[0,0],"7":[0],"8":[0,0],"9":[0,0],"10":[0,0],"11":[0,0],"12":[0,0],"13":[0,0],"14":[0,0],"15":[0,0],"16":[0]}}
,"D:\\engr510_final_project\\frontend\\src\\services\\wsInstance.ts": {"path":"D:\\engr510_final_project\\frontend\\src\\services\\wsInstance.ts","statementMap":{"0":{"start":{"line":1,"column":0},"end":{"line":1,"column":53}},"1":{"start":{"line":3,"column":13},"end":{"line":3,"column":50}},"2":{"start":{"line":6,"column":0},"end":{"line":6,"column":25}}},"fnMap":{},"branchMap":{},"s":{"0":0,"1":0,"2":0},"f":{},"b":{}}
,"D:\\engr510_final_project\\frontend\\src\\store\\configureStore.ts": {"path":"D:\\engr510_final_project\\frontend\\src\\store\\configureStore.ts","statementMap":{"0":{"start":{"line":1,"column":0},"end":{"line":1,"column":50}},"1":{"start":{"line":2,"column":0},"end":{"line":2,"column":45}},"2":{"start":{"line":3,"column":0},"end":{"line":3,"column":41}},"3":{"start":{"line":4,"column":0},"end":{"line":4,"column":41}},"4":{"start":{"line":5,"column":0},"end":{"line":5,"column":45}},"5":{"start":{"line":6,"column":0},"end":{"line":6,"column":65}},"6":{"start":{"line":7,"column":0},"end":{"line":7,"column":71}},"7":{"start":{"line":8,"column":0},"end":{"line":8,"column":51}},"8":{"start":{"line":11,"column":2},"end":{"line":21,"column":5}},"9":{"start":{"line":10,"column":0},"end":{"line":10,"column":16}}},"fnMap":{"0":{"name":"configureAppStore","decl":{"start":{"line":10,"column":16},"end":{"line":10,"column":33}},"loc":{"start":{"line":10,"column":33},"end":{"line":22,"column":1}}}},"branchMap":{},"s":{"0":0,"1":0,"2":0,"3":0,"4":0,"5":0,"6":0,"7":0,"8":0,"9":0},"f":{"0":0},"b":{}}
,"D:\\engr510_final_project\\frontend\\src\\store\\index.ts": {"path":"D:\\engr510_final_project\\frontend\\src\\store\\index.ts","statementMap":{"0":{"start":{"line":1,"column":0},"end":{"line":1,"column":50}},"1":{"start":{"line":2,"column":0},"end":{"line":2,"column":41}},"2":{"start":{"line":3,"column":0},"end":{"line":3,"column":45}},"3":{"start":{"line":4,"column":0},"end":{"line":4,"column":51}},"4":{"start":{"line":6,"column":13},"end":{"line":12,"column":3}}},"fnMap":{},"branchMap":{},"s":{"0":0,"1":0,"2":0,"3":0,"4":0},"f":{},"b":{}}
,"D:\\engr510_final_project\\frontend\\src\\store\\store.ts": {"path":"D:\\engr510_final_project\\frontend\\src\\store\\store.ts","statementMap":{"0":{"start":{"line":1,"column":0},"end":{"line":1,"column":53}},"1":{"start":{"line":2,"column":0},"end":{"line":2,"column":51}},"2":{"start":{"line":4,"column":13},"end":{"line":4,"column":41}},"3":{"start":{"line":7,"column":0},"end":{"line":7,"column":26}}},"fnMap":{},"branchMap":{},"s":{"0":0,"1":0,"2":0,"3":0},"f":{},"b":{}}
,"D:\\engr510_final_project\\frontend\\src\\store\\slices\\aiSlice.ts": {"path":"D:\\engr510_final_project\\frontend\\src\\store\\slices\\aiSlice.ts","statementMap":{"0":{"start":{"line":1,"column":0},"end":{"line":1,"column":62}},"1":{"start":{"line":26,"column":30},"end":{"line":32,"column":2}},"2":{"start":{"line":34,"column":16},"end":{"line":65,"column":2}},"3":{"start":{"line":39,"column":6},"end":{"line":39,"column":42}},"4":{"start":{"line":42,"column":6},"end":{"line":42,"column":42}},"5":{"start":{"line":45,"column":6},"end":{"line":45,"column":35}},"6":{"start":{"line":48,"column":6},"end":{"line":48,"column":41}},"7":{"start":{"line":51,"column":6},"end":{"line":51,"column":26}},"8":{"start":{"line":54,"column":34},"end":{"line":54,"column":48}},"9":{"start":{"line":54,"column":18},"end":{"line":54,"column":23}},"10":{"start":{"line":54,"column":29},"end":{"line":54,"column":34}},"11":{"start":{"line":55,"column":6},"end":{"line":59,"column":8}},"12":{"start":{"line":62,"column":6},"end":{"line":62,"column":29}},"13":{"start":{"line":68,"column":2},"end":{"line":74,"column":null}},"14":{"start":{"line":77,"column":0},"end":{"line":77,"column":31}}},"fnMap":{"0":{"name":"(anonymous_3)","decl":{"start":{"line":38,"column":16},"end":{"line":38,"column":17}},"loc":{"start":{"line":38,"column":54},"end":{"line":40,"column":5}}},"1":{"name":"(anonymous_4)","decl":{"start":{"line":41,"column":19},"end":{"line":41,"column":20}},"loc":{"start":{"line":41,"column":57},"end":{"line":43,"column":5}}},"2":{"name":"(anonymous_5)","decl":{"start":{"line":44,"column":14},"end":{"line":44,"column":15}},"loc":{"start":{"line":44,"column":58},"end":{"line":46,"column":5}}},"3":{"name":"(anonymous_6)","decl":{"start":{"line":47,"column":20},"end":{"line":47,"column":21}},"loc":{"start":{"line":47,"column":58},"end":{"line":49,"column":5}}},"4":{"name":"(anonymous_7)","decl":{"start":{"line":50,"column":19},"end":{"line":50,"column":20}},"loc":{"start":{"line":50,"column":25},"end":{"line":52,"column":5}}},"5":{"name":"(anonymous_8)","decl":{"start":{"line":53,"column":16},"end":{"line":53,"column":17}},"loc":{"start":{"line":53,"column":57},"end":{"line":60,"column":5}}},"6":{"name":"(anonymous_9)","decl":{"start":{"line":61,"column":16},"end":{"line":61,"column":17}},"loc":{"start":{"line":61,"column":22},"end":{"line":63,"column":5}}}},"branchMap":{},"s":{"0":0,"1":0,"2":0,"3":0,"4":0,"5":0,"6":0,"7":0,"8":0,"9":0,"10":0,"11":0,"12":0,"13":0,"14":0},"f":{"0":0,"1":0,"2":0,"3":0,"4":0,"5":0,"6":0},"b":{}}
,"D:\\engr510_final_project\\frontend\\src\\store\\slices\\authSlice.ts": {"path":"D:\\engr510_final_project\\frontend\\src\\store\\slices\\authSlice.ts","statementMap":{"0":{"start":{"line":1,"column":0},"end":{"line":1,"column":80}},"1":{"start":{"line":2,"column":0},"end":{"line":2,"column":26}},"2":{"start":{"line":14,"column":18},"end":{"line":21,"column":1}},"3":{"start":{"line":16,"column":16},"end":{"line":16,"column":80}},"4":{"start":{"line":17,"column":2},"end":{"line":19,"column":null}},"5":{"start":{"line":18,"column":4},"end":{"line":18,"column":71}},"6":{"start":{"line":20,"column":2},"end":{"line":20,"column":15}},"7":{"start":{"line":23,"column":18},"end":{"line":32,"column":1}},"8":{"start":{"line":23,"column":34},"end":{"line":23,"column":null}},"9":{"start":{"line":24,"column":2},"end":{"line":30,"column":null}},"10":{"start":{"line":25,"column":4},"end":{"line":25,"column":41}},"11":{"start":{"line":26,"column":4},"end":{"line":26,"column":39}},"12":{"start":{"line":28,"column":4},"end":{"line":28,"column":43}},"13":{"start":{"line":29,"column":4},"end":{"line":29,"column":37}},"14":{"start":{"line":31,"column":2},"end":{"line":31,"column":69}},"15":{"start":{"line":34,"column":19},"end":{"line":38,"column":1}},"16":{"start":{"line":35,"column":2},"end":{"line":35,"column":35}},"17":{"start":{"line":36,"column":2},"end":{"line":36,"column":37}},"18":{"start":{"line":37,"column":2},"end":{"line":37,"column":56}},"19":{"start":{"line":40,"column":21},"end":{"line":40,"column":32}},"20":{"start":{"line":41,"column":32},"end":{"line":48,"column":2}},"21":{"start":{"line":50,"column":16},"end":{"line":50,"column":76}},"22":{"start":{"line":53,"column":13},"end":{"line":73,"column":2}},"23":{"start":{"line":55,"column":29},"end":{"line":55,"column":31}},"24":{"start":{"line":56,"column":10},"end":{"line":56,"column":30}},"25":{"start":{"line":57,"column":8},"end":{"line":57,"column":13}},"26":{"start":{"line":59,"column":25},"end":{"line":59,"column":null}},"27":{"start":{"line":59,"column":14},"end":{"line":59,"column":null}},"28":{"start":{"line":61,"column":8},"end":{"line":63,"column":null}},"29":{"start":{"line":62,"column":10},"end":{"line":62,"column":47}},"30":{"start":{"line":65,"column":8},"end":{"line":65,"column":46}},"31":{"start":{"line":67,"column":8},"end":{"line":67,"column":21}},"32":{"start":{"line":68,"column":8},"end":{"line":68,"column":48}},"33":{"start":{"line":71,"column":4},"end":{"line":71,"column":16}},"34":{"start":{"line":76,"column":13},"end":{"line":101,"column":2}},"35":{"start":{"line":78,"column":76},"end":{"line":78,"column":78}},"36":{"start":{"line":80,"column":23},"end":{"line":80,"column":null}},"37":{"start":{"line":80,"column":12},"end":{"line":80,"column":null}},"38":{"start":{"line":81,"column":14},"end":{"line":81,"column":24}},"39":{"start":{"line":83,"column":6},"end":{"line":85,"column":null}},"40":{"start":{"line":84,"column":8},"end":{"line":84,"column":45}},"41":{"start":{"line":88,"column":6},"end":{"line":88,"column":29}},"42":{"start":{"line":90,"column":27},"end":{"line":90,"column":null}},"43":{"start":{"line":90,"column":12},"end":{"line":90,"column":null}},"44":{"start":{"line":92,"column":6},"end":{"line":94,"column":null}},"45":{"start":{"line":93,"column":8},"end":{"line":93,"column":45}},"46":{"start":{"line":96,"column":6},"end":{"line":96,"column":48}},"47":{"start":{"line":98,"column":6},"end":{"line":98,"column":83}},"48":{"start":{"line":104,"column":13},"end":{"line":129,"column":2}},"49":{"start":{"line":106,"column":98},"end":{"line":106,"column":100}},"50":{"start":{"line":108,"column":23},"end":{"line":108,"column":null}},"51":{"start":{"line":108,"column":12},"end":{"line":108,"column":null}},"52":{"start":{"line":109,"column":14},"end":{"line":109,"column":24}},"53":{"start":{"line":111,"column":6},"end":{"line":113,"column":null}},"54":{"start":{"line":112,"column":8},"end":{"line":112,"column":45}},"55":{"start":{"line":116,"column":6},"end":{"line":116,"column":47}},"56":{"start":{"line":118,"column":27},"end":{"line":118,"column":null}},"57":{"start":{"line":118,"column":12},"end":{"line":118,"column":null}},"58":{"start":{"line":120,"column":6},"end":{"line":122,"column":null}},"59":{"start":{"line":121,"column":8},"end":{"line":121,"column":45}},"60":{"start":{"line":124,"column":6},"end":{"line":124,"column":48}},"61":{"start":{"line":126,"column":6},"end":{"line":126,"column":76}},"62":{"start":{"line":132,"column":13},"end":{"line":152,"column":2}},"63":{"start":{"line":134,"column":29},"end":{"line":134,"column":31}},"64":{"start":{"line":134,"column":39},"end":{"line":134,"column":41}},"65":{"start":{"line":136,"column":23},"end":{"line":136,"column":null}},"66":{"start":{"line":136,"column":12},"end":{"line":136,"column":null}},"67":{"start":{"line":137,"column":14},"end":{"line":137,"column":24}},"68":{"start":{"line":139,"column":6},"end":{"line":141,"column":null}},"69":{"start":{"line":140,"column":8},"end":{"line":140,"column":45}},"70":{"start":{"line":144,"column":12},"end":{"line":144,"column":59}},"71":{"start":{"line":145,"column":6},"end":{"line":145,"column":37}},"72":{"start":{"line":147,"column":6},"end":{"line":147,"column":23}},"73":{"start":{"line":149,"column":6},"end":{"line":149,"column":84}},"74":{"start":{"line":154,"column":18},"end":{"line":240,"column":2}},"75":{"start":{"line":159,"column":6},"end":{"line":159,"column":36}},"76":{"start":{"line":160,"column":6},"end":{"line":160,"column":24}},"77":{"start":{"line":161,"column":6},"end":{"line":161,"column":25}},"78":{"start":{"line":162,"column":6},"end":{"line":162,"column":28}},"79":{"start":{"line":163,"column":6},"end":{"line":163,"column":30}},"80":{"start":{"line":164,"column":6},"end":{"line":164,"column":19}},"81":{"start":{"line":167,"column":6},"end":{"line":167,"column":30}},"82":{"start":{"line":172,"column":4},"end":{"line":175,"column":7}},"83":{"start":{"line":173,"column":6},"end":{"line":173,"column":27}},"84":{"start":{"line":174,"column":6},"end":{"line":174,"column":30}},"85":{"start":{"line":176,"column":4},"end":{"line":184,"column":7}},"86":{"start":{"line":177,"column":6},"end":{"line":181,"column":null}},"87":{"start":{"line":178,"column":8},"end":{"line":178,"column":37}},"88":{"start":{"line":179,"column":8},"end":{"line":179,"column":41}},"89":{"start":{"line":180,"column":8},"end":{"line":180,"column":43}},"90":{"start":{"line":182,"column":6},"end":{"line":182,"column":28}},"91":{"start":{"line":183,"column":6},"end":{"line":183,"column":31}},"92":{"start":{"line":185,"column":4},"end":{"line":192,"column":7}},"93":{"start":{"line":186,"column":6},"end":{"line":186,"column":36}},"94":{"start":{"line":187,"column":6},"end":{"line":187,"column":24}},"95":{"start":{"line":188,"column":6},"end":{"line":188,"column":25}},"96":{"start":{"line":189,"column":6},"end":{"line":189,"column":28}},"97":{"start":{"line":190,"column":6},"end":{"line":190,"column":45}},"98":{"start":{"line":191,"column":6},"end":{"line":191,"column":31}},"99":{"start":{"line":195,"column":4},"end":{"line":198,"column":7}},"100":{"start":{"line":196,"column":6},"end":{"line":196,"column":27}},"101":{"start":{"line":197,"column":6},"end":{"line":197,"column":30}},"102":{"start":{"line":199,"column":4},"end":{"line":204,"column":7}},"103":{"start":{"line":200,"column":6},"end":{"line":200,"column":35}},"104":{"start":{"line":201,"column":6},"end":{"line":201,"column":39}},"105":{"start":{"line":202,"column":6},"end":{"line":202,"column":41}},"106":{"start":{"line":203,"column":6},"end":{"line":203,"column":28}},"107":{"start":{"line":205,"column":4},"end":{"line":208,"column":7}},"108":{"start":{"line":206,"column":6},"end":{"line":206,"column":28}},"109":{"start":{"line":207,"column":6},"end":{"line":207,"column":45}},"110":{"start":{"line":211,"column":4},"end":{"line":214,"column":7}},"111":{"start":{"line":212,"column":6},"end":{"line":212,"column":27}},"112":{"start":{"line":213,"column":6},"end":{"line":213,"column":30}},"113":{"start":{"line":215,"column":4},"end":{"line":220,"column":7}},"114":{"start":{"line":216,"column":6},"end":{"line":216,"column":35}},"115":{"start":{"line":217,"column":6},"end":{"line":217,"column":39}},"116":{"start":{"line":218,"column":6},"end":{"line":218,"column":41}},"117":{"start":{"line":219,"column":6},"end":{"line":219,"column":28}},"118":{"start":{"line":221,"column":4},"end":{"line":224,"column":7}},"119":{"start":{"line":222,"column":6},"end":{"line":222,"column":28}},"120":{"start":{"line":223,"column":6},"end":{"line":223,"column":45}},"121":{"start":{"line":227,"column":4},"end":{"line":230,"column":7}},"122":{"start":{"line":228,"column":6},"end":{"line":228,"column":27}},"123":{"start":{"line":229,"column":6},"end":{"line":229,"column":30}},"124":{"start":{"line":231,"column":4},"end":{"line":234,"column":7}},"125":{"start":{"line":232,"column":6},"end":{"line":232,"column":41}},"126":{"start":{"line":233,"column":6},"end":{"line":233,"column":28}},"127":{"start":{"line":235,"column":4},"end":{"line":238,"column":7}},"128":{"start":{"line":236,"column":6},"end":{"line":236,"column":28}},"129":{"start":{"line":237,"column":6},"end":{"line":237,"column":45}},"130":{"start":{"line":242,"column":15},"end":{"line":242,"column":38}},"131":{"start":{"line":243,"column":0},"end":{"line":243,"column":33}}},"fnMap":{"0":{"name":"(anonymous_14)","decl":{"start":{"line":14,"column":18},"end":{"line":14,"column":null}},"loc":{"start":{"line":14,"column":18},"end":{"line":21,"column":1}}},"1":{"name":"(anonymous_15)","decl":{"start":{"line":23,"column":18},"end":{"line":23,"column":19}},"loc":{"start":{"line":23,"column":61},"end":{"line":32,"column":1}}},"2":{"name":"(anonymous_16)","decl":{"start":{"line":34,"column":19},"end":{"line":34,"column":null}},"loc":{"start":{"line":34,"column":19},"end":{"line":38,"column":1}}},"3":{"name":"(anonymous_17)","decl":{"start":{"line":55,"column":2},"end":{"line":55,"column":9}},"loc":{"start":{"line":55,"column":31},"end":{"line":72,"column":null}}},"4":{"name":"(anonymous_20)","decl":{"start":{"line":78,"column":2},"end":{"line":78,"column":9}},"loc":{"start":{"line":78,"column":78},"end":{"line":100,"column":null}}},"5":{"name":"(anonymous_23)","decl":{"start":{"line":106,"column":2},"end":{"line":106,"column":9}},"loc":{"start":{"line":106,"column":100},"end":{"line":128,"column":null}}},"6":{"name":"(anonymous_26)","decl":{"start":{"line":134,"column":2},"end":{"line":134,"column":9}},"loc":{"start":{"line":134,"column":41},"end":{"line":151,"column":null}}},"7":{"name":"(anonymous_29)","decl":{"start":{"line":158,"column":12},"end":{"line":158,"column":13}},"loc":{"start":{"line":158,"column":18},"end":{"line":165,"column":5}}},"8":{"name":"(anonymous_30)","decl":{"start":{"line":166,"column":16},"end":{"line":166,"column":17}},"loc":{"start":{"line":166,"column":22},"end":{"line":168,"column":5}}},"9":{"name":"(anonymous_31)","decl":{"start":{"line":170,"column":17},"end":{"line":170,"column":18}},"loc":{"start":{"line":170,"column":25},"end":{"line":239,"column":3}}},"10":{"name":"(anonymous_32)","decl":{"start":{"line":172,"column":44},"end":{"line":172,"column":45}},"loc":{"start":{"line":172,"column":50},"end":{"line":175,"column":5}}},"11":{"name":"(anonymous_33)","decl":{"start":{"line":176,"column":46},"end":{"line":176,"column":47}},"loc":{"start":{"line":176,"column":60},"end":{"line":184,"column":5}}},"12":{"name":"(anonymous_34)","decl":{"start":{"line":185,"column":45},"end":{"line":185,"column":46}},"loc":{"start":{"line":185,"column":59},"end":{"line":192,"column":5}}},"13":{"name":"(anonymous_35)","decl":{"start":{"line":195,"column":38},"end":{"line":195,"column":39}},"loc":{"start":{"line":195,"column":44},"end":{"line":198,"column":5}}},"14":{"name":"(anonymous_36)","decl":{"start":{"line":199,"column":40},"end":{"line":199,"column":41}},"loc":{"start":{"line":199,"column":54},"end":{"line":204,"column":5}}},"15":{"name":"(anonymous_37)","decl":{"start":{"line":205,"column":39},"end":{"line":205,"column":40}},"loc":{"start":{"line":205,"column":53},"end":{"line":208,"column":5}}},"16":{"name":"(anonymous_38)","decl":{"start":{"line":211,"column":35},"end":{"line":211,"column":36}},"loc":{"start":{"line":211,"column":41},"end":{"line":214,"column":5}}},"17":{"name":"(anonymous_39)","decl":{"start":{"line":215,"column":37},"end":{"line":215,"column":38}},"loc":{"start":{"line":215,"column":51},"end":{"line":220,"column":5}}},"18":{"name":"(anonymous_40)","decl":{"start":{"line":221,"column":36},"end":{"line":221,"column":37}},"loc":{"start":{"line":221,"column":50},"end":{"line":224,"column":5}}},"19":{"name":"(anonymous_41)","decl":{"start":{"line":227,"column":42},"end":{"line":227,"column":43}},"loc":{"start":{"line":227,"column":48},"end":{"line":230,"column":5}}},"20":{"name":"(anonymous_42)","decl":{"start":{"line":231,"column":44},"end":{"line":231,"column":45}},"loc":{"start":{"line":231,"column":58},"end":{"line":234,"column":5}}},"21":{"name":"(anonymous_43)","decl":{"start":{"line":235,"column":43},"end":{"line":235,"column":44}},"loc":{"start":{"line":235,"column":57},"end":{"line":238,"column":5}}}},"branchMap":{"0":{"loc":{"start":{"line":16,"column":16},"end":{"line":16,"column":80}},"type":"binary-expr","locations":[{"start":{"line":16,"column":16},"end":{"line":16,"column":45}},{"start":{"line":16,"column":49},"end":{"line":16,"column":80}}]},"1":{"loc":{"start":{"line":17,"column":2},"end":{"line":19,"column":null}},"type":"if","locations":[{"start":{"line":17,"column":2},"end":{"line":19,"column":null}}]},"2":{"loc":{"start":{"line":23,"column":34},"end":{"line":23,"column":null}},"type":"if","locations":[{"start":{"line":23,"column":34},"end":{"line":23,"column":null}}]},"3":{"loc":{"start":{"line":24,"column":2},"end":{"line":30,"column":null}},"type":"if","locations":[{"start":{"line":24,"column":2},"end":{"line":30,"column":null}},{"start":{"line":27,"column":9},"end":{"line":30,"column":null}}]},"4":{"loc":{"start":{"line":50,"column":16},"end":{"line":50,"column":76}},"type":"binary-expr","locations":[{"start":{"line":50,"column":16},"end":{"line":50,"column":45}},{"start":{"line":50,"column":49},"end":{"line":50,"column":76}}]},"5":{"loc":{"start":{"line":71,"column":4},"end":{"line":71,"column":16}},"type":"switch","locations":[{"start":{"line":71,"column":4},"end":{"line":71,"column":16}}]},"6":{"loc":{"start":{"line":57,"column":8},"end":{"line":57,"column":13}},"type":"if","locations":[{"start":{"line":57,"column":8},"end":{"line":57,"column":13}}]},"7":{"loc":{"start":{"line":61,"column":8},"end":{"line":63,"column":null}},"type":"if","locations":[{"start":{"line":61,"column":8},"end":{"line":63,"column":null}}]},"8":{"loc":{"start":{"line":83,"column":6},"end":{"line":85,"column":null}},"type":"if","locations":[{"start":{"line":83,"column":6},"end":{"line":85,"column":null}}]},"9":{"loc":{"start":{"line":92,"column":6},"end":{"line":94,"column":null}},"type":"if","locations":[{"start":{"line":92,"column":6},"end":{"line":94,"column":null}}]},"10":{"loc":{"start":{"line":98,"column":29},"end":{"line":98,"column":81}},"type":"binary-expr","locations":[{"start":{"line":98,"column":29},"end":{"line":98,"column":56}},{"start":{"line":98,"column":60},"end":{"line":98,"column":81}}]},"11":{"loc":{"start":{"line":98,"column":29},"end":{"line":98,"column":56}},"type":"cond-expr","locations":[{"start":{"line":98,"column":49},"end":{"line":98,"column":51}},{"start":{"line":98,"column":49},"end":{"line":98,"column":56}}]},"12":{"loc":{"start":{"line":98,"column":29},"end":{"line":98,"column":51}},"type":"binary-expr","locations":[{"start":{"line":98,"column":29},"end":{"line":98,"column":51}},{"start":{"line":98,"column":49},"end":{"line":98,"column":51}}]},"13":{"loc":{"start":{"line":98,"column":29},"end":{"line":98,"column":49}},"type":"cond-expr","locations":[{"start":{"line":98,"column":43},"end":{"line":98,"column":45}},{"start":{"line":98,"column":43},"end":{"line":98,"column":49}}]},"14":{"loc":{"start":{"line":98,"column":29},"end":{"line":98,"column":45}},"type":"binary-expr","locations":[{"start":{"line":98,"column":29},"end":{"line":98,"column":45}},{"start":{"line":98,"column":43},"end":{"line":98,"column":45}}]},"15":{"loc":{"start":{"line":111,"column":6},"end":{"line":113,"column":null}},"type":"if","locations":[{"start":{"line":111,"column":6},"end":{"line":113,"column":null}}]},"16":{"loc":{"start":{"line":120,"column":6},"end":{"line":122,"column":null}},"type":"if","locations":[{"start":{"line":120,"column":6},"end":{"line":122,"column":null}}]},"17":{"loc":{"start":{"line":126,"column":29},"end":{"line":126,"column":74}},"type":"binary-expr","locations":[{"start":{"line":126,"column":29},"end":{"line":126,"column":56}},{"start":{"line":126,"column":60},"end":{"line":126,"column":74}}]},"18":{"loc":{"start":{"line":126,"column":29},"end":{"line":126,"column":56}},"type":"cond-expr","locations":[{"start":{"line":126,"column":49},"end":{"line":126,"column":51}},{"start":{"line":126,"column":49},"end":{"line":126,"column":56}}]},"19":{"loc":{"start":{"line":126,"column":29},"end":{"line":126,"column":51}},"type":"binary-expr","locations":[{"start":{"line":126,"column":29},"end":{"line":126,"column":51}},{"start":{"line":126,"column":49},"end":{"line":126,"column":51}}]},"20":{"loc":{"start":{"line":126,"column":29},"end":{"line":126,"column":49}},"type":"cond-expr","locations":[{"start":{"line":126,"column":43},"end":{"line":126,"column":45}},{"start":{"line":126,"column":43},"end":{"line":126,"column":49}}]},"21":{"loc":{"start":{"line":126,"column":29},"end":{"line":126,"column":45}},"type":"binary-expr","locations":[{"start":{"line":126,"column":29},"end":{"line":126,"column":45}},{"start":{"line":126,"column":43},"end":{"line":126,"column":45}}]},"22":{"loc":{"start":{"line":139,"column":6},"end":{"line":141,"column":null}},"type":"if","locations":[{"start":{"line":139,"column":6},"end":{"line":141,"column":null}}]},"23":{"loc":{"start":{"line":149,"column":29},"end":{"line":149,"column":82}},"type":"binary-expr","locations":[{"start":{"line":149,"column":29},"end":{"line":149,"column":56}},{"start":{"line":149,"column":60},"end":{"line":149,"column":82}}]},"24":{"loc":{"start":{"line":149,"column":29},"end":{"line":149,"column":56}},"type":"cond-expr","locations":[{"start":{"line":149,"column":49},"end":{"line":149,"column":51}},{"start":{"line":149,"column":49},"end":{"line":149,"column":56}}]},"25":{"loc":{"start":{"line":149,"column":29},"end":{"line":149,"column":51}},"type":"binary-expr","locations":[{"start":{"line":149,"column":29},"end":{"line":149,"column":51}},{"start":{"line":149,"column":49},"end":{"line":149,"column":51}}]},"26":{"loc":{"start":{"line":149,"column":29},"end":{"line":149,"column":49}},"type":"cond-expr","locations":[{"start":{"line":149,"column":43},"end":{"line":149,"column":45}},{"start":{"line":149,"column":43},"end":{"line":149,"column":49}}]},"27":{"loc":{"start":{"line":149,"column":29},"end":{"line":149,"column":45}},"type":"binary-expr","locations":[{"start":{"line":149,"column":29},"end":{"line":149,"column":45}},{"start":{"line":149,"column":43},"end":{"line":149,"column":45}}]},"28":{"loc":{"start":{"line":177,"column":6},"end":{"line":181,"column":null}},"type":"if","locations":[{"start":{"line":177,"column":6},"end":{"line":181,"column":null}}]}},"s":{"0":0,"1":0,"2":0,"3":0,"4":0,"5":0,"6":0,"7":0,"8":0,"9":0,"10":0,"11":0,"12":0,"13":0,"14":0,"15":0,"16":0,"17":0,"18":0,"19":0,"20":0,"21":0,"22":0,"23":0,"24":0,"25":0,"26":0,"27":0,"28":0,"29":0,"30":0,"31":0,"32":0,"33":0,"34":0,"35":0,"36":0,"37":0,"38":0,"39":0,"40":0,"41":0,"42":0,"43":0,"44":0,"45":0,"46":0,"47":0,"48":0,"49":0,"50":0,"51":0,"52":0,"53":0,"54":0,"55":0,"56":0,"57":0,"58":0,"59":0,"60":0,"61":0,"62":0,"63":0,"64":0,"65":0,"66":0,"67":0,"68":0,"69":0,"70":0,"71":0,"72":0,"73":0,"74":0,"75":0,"76":0,"77":0,"78":0,"79":0,"80":0,"81":0,"82":0,"83":0,"84":0,"85":0,"86":0,"87":0,"88":0,"89":0,"90":0,"91":0,"92":0,"93":0,"94":0,"95":0,"96":0,"97":0,"98":0,"99":0,"100":0,"101":0,"102":0,"103":0,"104":0,"105":0,"106":0,"107":0,"108":0,"109":0,"110":0,"111":0,"112":0,"113":0,"114":0,"115":0,"116":0,"117":0,"118":0,"119":0,"120":0,"121":0,"122":0,"123":0,"124":0,"125":0,"126":0,"127":0,"128":0,"129":0,"130":0,"131":0},"f":{"0":0,"1":0,"2":0,"3":0,"4":0,"5":0,"6":0,"7":0,"8":0,"9":0,"10":0,"11":0,"12":0,"13":0,"14":0,"15":0,"16":0,"17":0,"18":0,"19":0,"20":0,"21":0},"b":{"0":[0,0],"1":[0],"2":[0],"3":[0,0],"4":[0,0],"5":[0],"6":[0],"7":[0],"8":[0],"9":[0],"10":[0,0],"11":[0,0],"12":[0,0],"13":[0,0],"14":[0,0],"15":[0],"16":[0],"17":[0,0],"18":[0,0],"19":[0,0],"20":[0,0],"21":[0,0],"22":[0],"23":[0,0],"24":[0,0],"25":[0,0],"26":[0,0],"27":[0,0],"28":[0]}}
,"D:\\engr510_final_project\\frontend\\src\\store\\slices\\fileGenerationSlice.ts": {"path":"D:\\engr510_final_project\\frontend\\src\\store\\slices\\fileGenerationSlice.ts","statementMap":{"0":{"start":{"line":1,"column":0},"end":{"line":1,"column":62}},"1":{"start":{"line":21,"column":42},"end":{"line":28,"column":2}},"2":{"start":{"line":30,"column":13},"end":{"line":53,"column":3}},"3":{"start":{"line":35,"column":6},"end":{"line":35,"column":35}},"4":{"start":{"line":38,"column":6},"end":{"line":38,"column":42}},"5":{"start":{"line":41,"column":6},"end":{"line":41,"column":44}},"6":{"start":{"line":44,"column":6},"end":{"line":44,"column":44}},"7":{"start":{"line":47,"column":6},"end":{"line":47,"column":41}},"8":{"start":{"line":50,"column":6},"end":{"line":50,"column":35}},"9":{"start":{"line":56,"column":2},"end":{"line":61,"column":null}},"10":{"start":{"line":65,"column":35},"end":{"line":65,"column":62}},"11":{"start":{"line":65,"column":57},"end":{"line":65,"column":84}},"12":{"start":{"line":65,"column":13},"end":{"line":65,"column":35}},"13":{"start":{"line":66,"column":34},"end":{"line":66,"column":61}},"14":{"start":{"line":66,"column":56},"end":{"line":66,"column":90}},"15":{"start":{"line":66,"column":13},"end":{"line":66,"column":34}},"16":{"start":{"line":67,"column":36},"end":{"line":67,"column":63}},"17":{"start":{"line":67,"column":58},"end":{"line":67,"column":94}},"18":{"start":{"line":67,"column":13},"end":{"line":67,"column":36}},"19":{"start":{"line":68,"column":36},"end":{"line":68,"column":63}},"20":{"start":{"line":68,"column":58},"end":{"line":68,"column":94}},"21":{"start":{"line":68,"column":13},"end":{"line":68,"column":36}},"22":{"start":{"line":69,"column":33},"end":{"line":69,"column":60}},"23":{"start":{"line":69,"column":55},"end":{"line":69,"column":88}},"24":{"start":{"line":69,"column":13},"end":{"line":69,"column":33}},"25":{"start":{"line":70,"column":27},"end":{"line":70,"column":54}},"26":{"start":{"line":70,"column":49},"end":{"line":70,"column":76}},"27":{"start":{"line":70,"column":13},"end":{"line":70,"column":27}},"28":{"start":{"line":72,"column":0},"end":{"line":72,"column":43}}},"fnMap":{"0":{"name":"(anonymous_0)","decl":{"start":{"line":34,"column":14},"end":{"line":34,"column":15}},"loc":{"start":{"line":34,"column":60},"end":{"line":36,"column":5}}},"1":{"name":"(anonymous_1)","decl":{"start":{"line":37,"column":16},"end":{"line":37,"column":17}},"loc":{"start":{"line":37,"column":53},"end":{"line":39,"column":5}}},"2":{"name":"(anonymous_2)","decl":{"start":{"line":40,"column":23},"end":{"line":40,"column":24}},"loc":{"start":{"line":40,"column":67},"end":{"line":42,"column":5}}},"3":{"name":"(anonymous_3)","decl":{"start":{"line":43,"column":23},"end":{"line":43,"column":24}},"loc":{"start":{"line":43,"column":60},"end":{"line":45,"column":5}}},"4":{"name":"(anonymous_4)","decl":{"start":{"line":46,"column":20},"end":{"line":46,"column":21}},"loc":{"start":{"line":46,"column":58},"end":{"line":48,"column":5}}},"5":{"name":"(anonymous_5)","decl":{"start":{"line":49,"column":14},"end":{"line":49,"column":15}},"loc":{"start":{"line":49,"column":58},"end":{"line":51,"column":5}}},"6":{"name":"(anonymous_6)","decl":{"start":{"line":65,"column":35},"end":{"line":65,"column":36}},"loc":{"start":{"line":65,"column":52},"end":{"line":65,"column":62}}},"7":{"name":"(anonymous_7)","decl":{"start":{"line":66,"column":34},"end":{"line":66,"column":35}},"loc":{"start":{"line":66,"column":51},"end":{"line":66,"column":61}}},"8":{"name":"(anonymous_8)","decl":{"start":{"line":67,"column":36},"end":{"line":67,"column":37}},"loc":{"start":{"line":67,"column":53},"end":{"line":67,"column":63}}},"9":{"name":"(anonymous_9)","decl":{"start":{"line":68,"column":36},"end":{"line":68,"column":37}},"loc":{"start":{"line":68,"column":53},"end":{"line":68,"column":63}}},"10":{"name":"(anonymous_10)","decl":{"start":{"line":69,"column":33},"end":{"line":69,"column":34}},"loc":{"start":{"line":69,"column":50},"end":{"line":69,"column":60}}},"11":{"name":"(anonymous_11)","decl":{"start":{"line":70,"column":27},"end":{"line":70,"column":28}},"loc":{"start":{"line":70,"column":44},"end":{"line":70,"column":54}}}},"branchMap":{},"s":{"0":0,"1":0,"2":0,"3":0,"4":0,"5":0,"6":0,"7":0,"8":0,"9":0,"10":0,"11":0,"12":0,"13":0,"14":0,"15":0,"16":0,"17":0,"18":0,"19":0,"20":0,"21":0,"22":0,"23":0,"24":0,"25":0,"26":0,"27":0,"28":0},"f":{"0":0,"1":0,"2":0,"3":0,"4":0,"5":0,"6":0,"7":0,"8":0,"9":0,"10":0,"11":0},"b":{}}
,"D:\\engr510_final_project\\frontend\\src\\store\\slices\\flowSlice.ts": {"path":"D:\\engr510_final_project\\frontend\\src\\store\\slices\\flowSlice.ts","statementMap":{"0":{"start":{"line":1,"column":0},"end":{"line":1,"column":62}},"1":{"start":{"line":10,"column":32},"end":{"line":14,"column":2}},"2":{"start":{"line":16,"column":18},"end":{"line":42,"column":2}},"3":{"start":{"line":21,"column":6},"end":{"line":21,"column":35}},"4":{"start":{"line":24,"column":6},"end":{"line":24,"column":35}},"5":{"start":{"line":27,"column":6},"end":{"line":27,"column":44}},"6":{"start":{"line":30,"column":6},"end":{"line":30,"column":39}},"7":{"start":{"line":33,"column":6},"end":{"line":33,"column":39}},"8":{"start":{"line":36,"column":19},"end":{"line":36,"column":68}},"9":{"start":{"line":36,"column":41},"end":{"line":36,"column":68}},"10":{"start":{"line":37,"column":6},"end":{"line":39,"column":null}},"11":{"start":{"line":38,"column":8},"end":{"line":38,"column":61}},"12":{"start":{"line":45,"column":2},"end":{"line":50,"column":null}},"13":{"start":{"line":53,"column":0},"end":{"line":53,"column":33}}},"fnMap":{"0":{"name":"(anonymous_2)","decl":{"start":{"line":20,"column":14},"end":{"line":20,"column":15}},"loc":{"start":{"line":20,"column":51},"end":{"line":22,"column":5}}},"1":{"name":"(anonymous_3)","decl":{"start":{"line":23,"column":14},"end":{"line":23,"column":15}},"loc":{"start":{"line":23,"column":51},"end":{"line":25,"column":5}}},"2":{"name":"(anonymous_4)","decl":{"start":{"line":26,"column":21},"end":{"line":26,"column":22}},"loc":{"start":{"line":26,"column":65},"end":{"line":28,"column":5}}},"3":{"name":"(anonymous_5)","decl":{"start":{"line":29,"column":13},"end":{"line":29,"column":14}},"loc":{"start":{"line":29,"column":48},"end":{"line":31,"column":5}}},"4":{"name":"(anonymous_6)","decl":{"start":{"line":32,"column":13},"end":{"line":32,"column":14}},"loc":{"start":{"line":32,"column":48},"end":{"line":34,"column":5}}},"5":{"name":"(anonymous_7)","decl":{"start":{"line":35,"column":20},"end":{"line":35,"column":21}},"loc":{"start":{"line":35,"column":76},"end":{"line":40,"column":5}}},"6":{"name":"(anonymous_8)","decl":{"start":{"line":36,"column":36},"end":{"line":36,"column":37}},"loc":{"start":{"line":36,"column":37},"end":{"line":36,"column":42}}}},"branchMap":{"0":{"loc":{"start":{"line":37,"column":6},"end":{"line":39,"column":null}},"type":"if","locations":[{"start":{"line":37,"column":6},"end":{"line":39,"column":null}}]}},"s":{"0":0,"1":0,"2":0,"3":0,"4":0,"5":0,"6":0,"7":0,"8":0,"9":0,"10":0,"11":0,"12":0,"13":0},"f":{"0":0,"1":0,"2":0,"3":0,"4":0,"5":0,"6":0},"b":{"0":[0]}}
[...]
104,"column":null}},"loc":{"start":{"line":104,"column":2},"end":{"line":106,"column":null}}},"3":{"name":"(anonymous_28)","decl":{"start":{"line":115,"column":2},"end":{"line":115,"column":9}},"loc":{"start":{"line":115,"column":26},"end":{"line":117,"column":null}}},"4":{"name":"(anonymous_29)","decl":{"start":{"line":115,"column":26},"end":{"line":115,"column":null}},"loc":{"start":{"line":115,"column":26},"end":{"line":117,"column":null}}},"5":{"name":"(anonymous_31)","decl":{"start":{"line":126,"column":2},"end":{"line":126,"column":9}},"loc":{"start":{"line":126,"column":35},"end":{"line":128,"column":null}}},"6":{"name":"(anonymous_32)","decl":{"start":{"line":126,"column":35},"end":{"line":126,"column":null}},"loc":{"start":{"line":126,"column":35},"end":{"line":128,"column":null}}},"7":{"name":"(anonymous_34)","decl":{"start":{"line":137,"column":2},"end":{"line":137,"column":9}},"loc":{"start":{"line":137,"column":65},"end":{"line":139,"column":null}}},"8":{"name":"(anonymous_37)","decl":{"start":{"line":148,"column":2},"end":{"line":148,"column":9}},"loc":{"start":{"line":148,"column":19},"end":{"line":151,"column":null}}},"9":{"name":"(anonymous_38)","decl":{"start":{"line":148,"column":19},"end":{"line":148,"column":null}},"loc":{"start":{"line":148,"column":19},"end":{"line":151,"column":null}}},"10":{"name":"(anonymous_40)","decl":{"start":{"line":160,"column":2},"end":{"line":160,"column":9}},"loc":{"start":{"line":160,"column":26},"end":{"line":162,"column":null}}},"11":{"name":"(anonymous_41)","decl":{"start":{"line":160,"column":26},"end":{"line":160,"column":null}},"loc":{"start":{"line":160,"column":26},"end":{"line":162,"column":null}}},"12":{"name":"(anonymous_43)","decl":{"start":{"line":171,"column":2},"end":{"line":171,"column":9}},"loc":{"start":{"line":171,"column":80},"end":{"line":173,"column":null}}},"13":{"name":"(anonymous_46)","decl":{"start":{"line":182,"column":2},"end":{"line":182,"column":9}},"loc":{"start":{"line":182,"column":80},"end":{"line":184,"column":null}}},"14":{"name":"(anonymous_49)","decl":{"start":{"line":193,"column":2},"end":{"line":193,"column":9}},"loc":{"start":{"line":193,"column":26},"end":{"line":195,"column":null}}},"15":{"name":"(anonymous_50)","decl":{"start":{"line":193,"column":26},"end":{"line":193,"column":null}},"loc":{"start":{"line":193,"column":26},"end":{"line":195,"column":null}}},"16":{"name":"(anonymous_52)","decl":{"start":{"line":202,"column":17},"end":{"line":202,"column":18}},"loc":{"start":{"line":202,"column":54},"end":{"line":205,"column":5}}},"17":{"name":"(anonymous_53)","decl":{"start":{"line":206,"column":17},"end":{"line":206,"column":18}},"loc":{"start":{"line":206,"column":54},"end":{"line":209,"column":5}}},"18":{"name":"(anonymous_54)","decl":{"start":{"line":210,"column":15},"end":{"line":210,"column":16}},"loc":{"start":{"line":210,"column":52},"end":{"line":212,"column":5}}},"19":{"name":"(anonymous_55)","decl":{"start":{"line":213,"column":18},"end":{"line":213,"column":19}},"loc":{"start":{"line":213,"column":24},"end":{"line":215,"column":5}}},"20":{"name":"(anonymous_56)","decl":{"start":{"line":216,"column":25},"end":{"line":216,"column":26}},"loc":{"start":{"line":216,"column":31},"end":{"line":220,"column":5}}},"21":{"name":"(anonymous_57)","decl":{"start":{"line":222,"column":17},"end":{"line":222,"column":18}},"loc":{"start":{"line":222,"column":25},"end":{"line":295,"column":3}}},"22":{"name":"(anonymous_58)","decl":{"start":{"line":224,"column":49},"end":{"line":224,"column":50}},"loc":{"start":{"line":224,"column":55},"end":{"line":227,"column":7}}},"23":{"name":"(anonymous_59)","decl":{"start":{"line":228,"column":51},"end":{"line":228,"column":52}},"loc":{"start":{"line":228,"column":114},"end":{"line":233,"column":7}}},"24":{"name":"(anonymous_60)","decl":{"start":{"line":234,"column":50},"end":{"line":234,"column":51}},"loc":{"start":{"line":234,"column":64},"end":{"line":237,"column":7}}},"25":{"name":"(anonymous_61)","decl":{"start":{"line":238,"column":36},"end":{"line":238,"column":37}},"loc":{"start":{"line":238,"column":42},"end":{"line":241,"column":7}}},"26":{"name":"(anonymous_62)","decl":{"start":{"line":242,"column":38},"end":{"line":242,"column":39}},"loc":{"start":{"line":242,"column":44},"end":{"line":245,"column":7}}},"27":{"name":"(anonymous_63)","decl":{"start":{"line":246,"column":37},"end":{"line":246,"column":38}},"loc":{"start":{"line":246,"column":51},"end":{"line":249,"column":7}}},"28":{"name":"(anonymous_64)","decl":{"start":{"line":250,"column":38},"end":{"line":250,"column":39}},"loc":{"start":{"line":250,"column":44},"end":{"line":253,"column":7}}},"29":{"name":"(anonymous_65)","decl":{"start":{"line":254,"column":40},"end":{"line":254,"column":41}},"loc":{"start":{"line":254,"column":80},"end":{"line":257,"column":7}}},"30":{"name":"(anonymous_66)","decl":{"start":{"line":258,"column":39},"end":{"line":258,"column":40}},"loc":{"start":{"line":258,"column":53},"end":{"line":261,"column":7}}},"31":{"name":"(anonymous_67)","decl":{"start":{"line":262,"column":39},"end":{"line":262,"column":40}},"loc":{"start":{"line":262,"column":77},"end":{"line":264,"column":7}}},"32":{"name":"(anonymous_68)","decl":{"start":{"line":265,"column":43},"end":{"line":265,"column":44}},"loc":{"start":{"line":265,"column":81},"end":{"line":267,"column":7}}},"33":{"name":"(anonymous_69)","decl":{"start":{"line":268,"column":48},"end":{"line":268,"column":49}},"loc":{"start":{"line":268,"column":86},"end":{"line":276,"column":7}}},"34":{"name":"(anonymous_70)","decl":{"start":{"line":269,"column":47},"end":{"line":269,"column":48}},"loc":{"start":{"line":269,"column":48},"end":{"line":269,"column":53}}},"35":{"name":"(anonymous_71)","decl":{"start":{"line":277,"column":48},"end":{"line":277,"column":49}},"loc":{"start":{"line":277,"column":85},"end":{"line":282,"column":7}}},"36":{"name":"(anonymous_72)","decl":{"start":{"line":278,"column":47},"end":{"line":278,"column":48}},"loc":{"start":{"line":278,"column":48},"end":{"line":278,"column":53}}},"37":{"name":"(anonymous_73)","decl":{"start":{"line":283,"column":48},"end":{"line":283,"column":49}},"loc":{"start":{"line":283,"column":96},"end":{"line":285,"column":7}}},"38":{"name":"(anonymous_74)","decl":{"start":{"line":286,"column":48},"end":{"line":286,"column":49}},"loc":{"start":{"line":286,"column":94},"end":{"line":288,"column":7}}},"39":{"name":"(anonymous_75)","decl":{"start":{"line":289,"column":47},"end":{"line":289,"column":48}},"loc":{"start":{"line":289,"column":94},"end":{"line":291,"column":7}}},"40":{"name":"(anonymous_76)","decl":{"start":{"line":292,"column":48},"end":{"line":292,"column":49}},"loc":{"start":{"line":292,"column":93},"end":{"line":294,"column":7}}}},"branchMap":{"0":{"loc":{"start":{"line":105,"column":11},"end":{"line":105,"column":46}},"type":"switch","locations":[{"start":{"line":105,"column":11},"end":{"line":105,"column":46}},{"start":{"line":105,"column":4},"end":{"line":105,"column":46}}]},"1":{"loc":{"start":{"line":116,"column":11},"end":{"line":116,"column":54}},"type":"switch","locations":[{"start":{"line":116,"column":11},"end":{"line":116,"column":54}},{"start":{"line":116,"column":4},"end":{"line":116,"column":54}}]},"2":{"loc":{"start":{"line":127,"column":11},"end":{"line":127,"column":52}},"type":"switch","locations":[{"start":{"line":127,"column":11},"end":{"line":127,"column":52}},{"start":{"line":127,"column":4},"end":{"line":127,"column":52}}]},"3":{"loc":{"start":{"line":138,"column":11},"end":{"line":138,"column":56}},"type":"switch","locations":[{"start":{"line":138,"column":11},"end":{"line":138,"column":56}},{"start":{"line":138,"column":4},"end":{"line":138,"column":56}}]},"4":{"loc":{"start":{"line":149,"column":4},"end":{"line":149,"column":43}},"type":"switch","locations":[{"start":{"line":149,"column":4},"end":{"line":149,"column":43}}]},"5":{"loc":{"start":{"line":161,"column":11},"end":{"line":161,"column":56}},"type":"switch","locations":[{"start":{"line":161,"column":11},"end":{"line":161,"column":56}},{"start":{"line":161,"column":4},"end":{"line":161,"column":56}}]},"6":{"loc":{"start":{"line":172,"column":11},"end":{"line":172,"column":64}},"type":"switch","locations":[{"start":{"line":172,"column":11},"end":{"line":172,"column":64}},{"start":{"line":172,"column":4},"end":{"line":172,"column":64}}]},"7":{"loc":{"start":{"line":183,"column":11},"end":{"line":183,"column":64}},"type":"switch","locations":[{"start":{"line":183,"column":11},"end":{"line":183,"column":64}},{"start":{"line":183,"column":4},"end":{"line":183,"column":64}}]},"8":{"loc":{"start":{"line":194,"column":11},"end":{"line":194,"column":55}},"type":"switch","locations":[{"start":{"line":194,"column":11},"end":{"line":194,"column":55}},{"start":{"line":194,"column":4},"end":{"line":194,"column":55}}]},"9":{"loc":{"start":{"line":236,"column":22},"end":{"line":236,"column":74}},"type":"binary-expr","locations":[{"start":{"line":236,"column":22},"end":{"line":236,"column":42}},{"start":{"line":236,"column":46},"end":{"line":236,"column":74}}]},"10":{"loc":{"start":{"line":248,"column":22},"end":{"line":248,"column":70}},"type":"binary-expr","locations":[{"start":{"line":248,"column":22},"end":{"line":248,"column":42}},{"start":{"line":248,"column":46},"end":{"line":248,"column":70}}]},"11":{"loc":{"start":{"line":260,"column":22},"end":{"line":260,"column":72}},"type":"binary-expr","locations":[{"start":{"line":260,"column":22},"end":{"line":260,"column":42}},{"start":{"line":260,"column":46},"end":{"line":260,"column":72}}]},"12":{"loc":{"start":{"line":270,"column":8},"end":{"line":272,"column":null}},"type":"if","locations":[{"start":{"line":270,"column":8},"end":{"line":272,"column":null}}]},"13":{"loc":{"start":{"line":273,"column":8},"end":{"line":275,"column":null}},"type":"if","locations":[{"start":{"line":273,"column":8},"end":{"line":275,"column":null}}]},"14":{"loc":{"start":{"line":273,"column":12},"end":{"line":273,"column":44}},"type":"cond-expr","locations":[{"start":{"line":273,"column":32},"end":{"line":273,"column":34}},{"start":{"line":273,"column":32},"end":{"line":273,"column":44}}]},"15":{"loc":{"start":{"line":273,"column":12},"end":{"line":273,"column":34}},"type":"binary-expr","locations":[{"start":{"line":273,"column":12},"end":{"line":273,"column":34}},{"start":{"line":273,"column":32},"end":{"line":273,"column":34}}]},"16":{"loc":{"start":{"line":279,"column":8},"end":{"line":281,"column":null}},"type":"if","locations":[{"start":{"line":279,"column":8},"end":{"line":281,"column":null}}]},"17":{"loc":{"start":{"line":279,"column":12},"end":{"line":279,"column":44}},"type":"cond-expr","locations":[{"start":{"line":279,"column":32},"end":{"line":279,"column":34}},{"start":{"line":279,"column":32},"end":{"line":279,"column":44}}]},"18":{"loc":{"start":{"line":279,"column":12},"end":{"line":279,"column":34}},"type":"binary-expr","locations":[{"start":{"line":279,"column":12},"end":{"line":279,"column":34}},{"start":{"line":279,"column":32},"end":{"line":279,"column":34}}]}},"s":{"0":0,"1":0,"2":0,"3":0,"4":0,"5":0,"6":0,"7":0,"8":0,"9":0,"10":0,"11":0,"12":0,"13":0,"14":0,"15":0,"16":0,"17":0,"18":0,"19":0,"20":0,"21":0,"22":0,"23":0,"24":0,"25":0,"26":0,"27":0,"28":0,"29":0,"30":0,"31":0,"32":0,"33":0,"34":0,"35":0,"36":0,"37":0,"38":0,"39":0,"40":0,"41":0,"42":0,"43":0,"44":0,"45":0,"46":0,"47":0,"48":0,"49":0,"50":0,"51":0,"52":0,"53":0,"54":0,"55":0,"56":0,"57":0,"58":0,"59":0,"60":0,"61":0,"62":0,"63":0,"64":0,"65":0,"66":0,"67":0,"68":0,"69":0,"70":0,"71":0,"72":0,"73":0,"74":0,"75":0,"76":0,"77":0,"78":0,"79":0,"80":0,"81":0,"82":0,"83":0,"84":0,"85":0,"86":0,"87":0,"88":0,"89":0,"90":0,"91":0,"92":0,"93":0,"94":0,"95":0,"96":0,"97":0,"98":0,"99":0,"100":0,"101":0,"102":0},"f":{"0":0,"1":0,"2":0,"3":0,"4":0,"5":0,"6":0,"7":0,"8":0,"9":0,"10":0,"11":0,"12":0,"13":0,"14":0,"15":0,"16":0,"17":0,"18":0,"19":0,"20":0,"21":0,"22":0,"23":0,"24":0,"25":0,"26":0,"27":0,"28":0,"29":0,"30":0,"31":0,"32":0,"33":0,"34":0,"35":0,"36":0,"37":0,"38":0,"39":0,"40":0},"b":{"0":[0,0],"1":[0,0],"2":[0,0],"3":[0,0],"4":[0],"5":[0,0],"6":[0,0],"7":[0,0],"8":[0,0],"9":[0,0],"10":[0,0],"11":[0,0],"12":[0],"13":[0],"14":[0,0],"15":[0,0],"16":[0],"17":[0,0],"18":[0,0]}}
,"D:\\engr510_final_project\\frontend\\src\\store\\slices\\uiSlice.ts": {"path":"D:\\engr510_final_project\\frontend\\src\\store\\slices\\uiSlice.ts","statementMap":{"0":{"start":{"line":1,"column":0},"end":{"line":1,"column":62}},"1":{"start":{"line":9,"column":30},"end":{"line":13,"column":2}},"2":{"start":{"line":15,"column":16},"end":{"line":29,"column":2}},"3":{"start":{"line":20,"column":6},"end":{"line":20,"column":45}},"4":{"start":{"line":23,"column":6},"end":{"line":23,"column":41}},"5":{"start":{"line":26,"column":6},"end":{"line":26,"column":63}},"6":{"start":{"line":31,"column":15},"end":{"line":31,"column":62}},"7":{"start":{"line":32,"column":0},"end":{"line":32,"column":31}}},"fnMap":{"0":{"name":"(anonymous_0)","decl":{"start":{"line":19,"column":19},"end":{"line":19,"column":20}},"loc":{"start":{"line":19,"column":25},"end":{"line":21,"column":5}}},"1":{"name":"(anonymous_1)","decl":{"start":{"line":22,"column":20},"end":{"line":22,"column":21}},"loc":{"start":{"line":22,"column":57},"end":{"line":24,"column":5}}},"2":{"name":"(anonymous_2)","decl":{"start":{"line":25,"column":17},"end":{"line":25,"column":18}},"loc":{"start":{"line":25,"column":23},"end":{"line":27,"column":5}}}},"branchMap":{"0":{"loc":{"start":{"line":26,"column":20},"end":{"line":26,"column":62}},"type":"cond-expr","locations":[{"start":{"line":26,"column":46},"end":{"line":26,"column":52}},{"start":{"line":26,"column":55},"end":{"line":26,"column":62}}]}},"s":{"0":0,"1":0,"2":0,"3":0,"4":0,"5":0,"6":0,"7":0},"f":{"0":0,"1":0,"2":0},"b":{"0":[0,0]}}
,"D:\\engr510_final_project\\frontend\\src\\styles\\materialTheme.ts": {"path":"D:\\engr510_final_project\\frontend\\src\\styles\\materialTheme.ts","statementMap":{"0":{"start":{"line":2,"column":13},"end":{"line":45,"column":2}},"1":{"start":{"line":47,"column":13},"end":{"line":54,"column":2}},"2":{"start":{"line":56,"column":13},"end":{"line":60,"column":2}},"3":{"start":{"line":62,"column":13},"end":{"line":66,"column":2}},"4":{"start":{"line":68,"column":13},"end":{"line":74,"column":2}}},"fnMap":{},"branchMap":{},"s":{"0":0,"1":0,"2":0,"3":0,"4":0},"f":{},"b":{}}
,"D:\\engr510_final_project\\frontend\\src\\utils\\constants.ts": {"path":"D:\\engr510_final_project\\frontend\\src\\utils\\constants.ts","statementMap":{"0":{"start":{"line":3,"column":13},"end":{"line":3,"column":38}},"1":{"start":{"line":5,"column":13},"end":{"line":12,"column":11}},"2":{"start":{"line":14,"column":13},"end":{"line":18,"column":11}},"3":{"start":{"line":20,"column":13},"end":{"line":26,"column":11}}},"fnMap":{},"branchMap":{},"s":{"0":0,"1":0,"2":0,"3":0},"f":{},"b":{}}
,"D:\\engr510_final_project\\frontend\\src\\utils\\validation.ts": {"path":"D:\\engr510_final_project\\frontend\\src\\utils\\validation.ts","statementMap":{"0":{"start":{"line":6,"column":36},"end":{"line":35,"column":1}},"1":{"start":{"line":10,"column":27},"end":{"line":10,"column":29}},"2":{"start":{"line":13,"column":2},"end":{"line":15,"column":null}},"3":{"start":{"line":14,"column":4},"end":{"line":14,"column":50}},"4":{"start":{"line":18,"column":2},"end":{"line":29,"column":null}},"5":{"start":{"line":19,"column":4},"end":{"line":19,"column":50}},"6":{"start":{"line":21,"column":4},"end":{"line":28,"column":7}},"7":{"start":{"line":21,"column":43},"end":{"line":21,"column":45}},"8":{"start":{"line":21,"column":50},"end":{"line":21,"column":51}},"9":{"start":{"line":22,"column":6},"end":{"line":24,"column":null}},"10":{"start":{"line":23,"column":8},"end":{"line":23,"column":42}},"11":{"start":{"line":25,"column":6},"end":{"line":27,"column":null}},"12":{"start":{"line":26,"column":8},"end":{"line":26,"column":64}},"13":{"start":{"line":31,"column":2},"end":{"line":34,"column":4}},"14":{"start":{"line":6,"column":13},"end":{"line":6,"column":36}},"15":{"start":{"line":37,"column":30},"end":{"line":52,"column":1}},"16":{"start":{"line":38,"column":27},"end":{"line":38,"column":29}},"17":{"start":{"line":40,"column":2},"end":{"line":42,"column":null}},"18":{"start":{"line":41,"column":4},"end":{"line":41,"column":38}},"19":{"start":{"line":44,"column":2},"end":{"line":46,"column":null}},"20":{"start":{"line":45,"column":4},"end":{"line":45,"column":60}},"21":{"start":{"line":48,"column":2},"end":{"line":51,"column":4}},"22":{"start":{"line":37,"column":13},"end":{"line":37,"column":30}}},"fnMap":{"0":{"name":"(anonymous_0)","decl":{"start":{"line":6,"column":36},"end":{"line":6,"column":null}},"loc":{"start":{"line":8,"column":35},"end":{"line":35,"column":1}}},"1":{"name":"(anonymous_1)","decl":{"start":{"line":21,"column":38},"end":{"line":21,"column":39}},"loc":{"start":{"line":21,"column":51},"end":{"line":28,"column":5}}},"2":{"name":"(anonymous_2)","decl":{"start":{"line":37,"column":30},"end":{"line":37,"column":31}},"loc":{"start":{"line":37,"column":45},"end":{"line":52,"column":1}}}},"branchMap":{"0":{"loc":{"start":{"line":13,"column":2},"end":{"line":15,"column":null}},"type":"if","locations":[{"start":{"line":13,"column":2},"end":{"line":15,"column":null}}]},"1":{"loc":{"start":{"line":13,"column":6},"end":{"line":13,"column":41}},"type":"binary-expr","locations":[{"start":{"line":13,"column":6},"end":{"line":13,"column":15}},{"start":{"line":13,"column":19},"end":{"line":13,"column":41}}]},"2":{"loc":{"start":{"line":18,"column":2},"end":{"line":29,"column":null}},"type":"if","locations":[{"start":{"line":18,"column":2},"end":{"line":29,"column":null}},{"start":{"line":20,"column":9},"end":{"line":29,"column":null}}]},"3":{"loc":{"start":{"line":18,"column":6},"end":{"line":18,"column":55}},"type":"binary-expr","locations":[{"start":{"line":18,"column":6},"end":{"line":18,"column":16}},{"start":{"line":18,"column":20},"end":{"line":18,"column":55}}]},"4":{"loc":{"start":{"line":22,"column":6},"end":{"line":24,"column":null}},"type":"if","locations":[{"start":{"line":22,"column":6},"end":{"line":24,"column":null}}]},"5":{"loc":{"start":{"line":22,"column":10},"end":{"line":22,"column":39}},"type":"binary-expr","locations":[{"start":{"line":22,"column":10},"end":{"line":22,"column":16}},{"start":{"line":22,"column":20},"end":{"line":22,"column":39}}]},"6":{"loc":{"start":{"line":25,"column":6},"end":{"line":27,"column":null}},"type":"if","locations":[{"start":{"line":25,"column":6},"end":{"line":27,"column":null}}]},"7":{"loc":{"start":{"line":25,"column":10},"end":{"line":25,"column":38}},"type":"binary-expr","locations":[{"start":{"line":25,"column":10},"end":{"line":25,"column":15}},{"start":{"line":25,"column":19},"end":{"line":25,"column":38}}]},"8":{"loc":{"start":{"line":40,"column":2},"end":{"line":42,"column":null}},"type":"if","locations":[{"start":{"line":40,"column":2},"end":{"line":42,"column":null}}]},"9":{"loc":{"start":{"line":40,"column":6},"end":{"line":40,"column":37}},"type":"binary-expr","locations":[{"start":{"line":40,"column":6},"end":{"line":40,"column":13}},{"start":{"line":40,"column":17},"end":{"line":40,"column":37}}]},"10":{"loc":{"start":{"line":44,"column":2},"end":{"line":46,"column":null}},"type":"if","locations":[{"start":{"line":44,"column":2},"end":{"line":46,"column":null}}]},"11":{"loc":{"start":{"line":44,"column":6},"end":{"line":44,"column":36}},"type":"binary-expr","locations":[{"start":{"line":44,"column":6},"end":{"line":44,"column":12}},{"start":{"line":44,"column":16},"end":{"line":44,"column":36}}]}},"s":{"0":0,"1":0,"2":0,"3":0,"4":0,"5":0,"6":0,"7":0,"8":0,"9":0,"10":0,"11":0,"12":0,"13":0,"14":0,"15":0,"16":0,"17":0,"18":0,"19":0,"20":0,"21":0,"22":0},"f":{"0":0,"1":0,"2":0},"b":{"0":[0],"1":[0,0],"2":[0,0],"3":[0,0],"4":[0],"5":[0,0],"6":[0],"7":[0,0],"8":[0],"9":[0,0],"10":[0],"11":[0,0]}}
}
