{"/Users/matt/Documents/GithubRepos/engr510_final_project/backend/src/agents/index.js": {"path":"/Users/matt/Documents/GithubRepos/engr510_final_project/backend/src/agents/index.js","statementMap":{"0":{"start":{"line":3,"column":8},"end":{"line":5,"column":9}},"1":{"start":{"line":4,"column":12},"end":{"line":4,"column":80}},"2":{"start":{"line":9,"column":8},"end":{"line":9,"column":65}},"3":{"start":{"line":15,"column":8},"end":{"line":21,"column":10}},"4":{"start":{"line":27,"column":8},"end":{"line":33,"column":10}},"5":{"start":{"line":39,"column":8},"end":{"line":45,"column":10}},"6":{"start":{"line":51,"column":8},"end":{"line":67,"column":10}},"7":{"start":{"line":73,"column":8},"end":{"line":80,"column":10}},"8":{"start":{"line":86,"column":8},"end":{"line":98,"column":10}},"9":{"start":{"line":104,"column":8},"end":{"line":111,"column":10}},"10":{"start":{"line":117,"column":8},"end":{"line":131,"column":10}},"11":{"start":{"line":135,"column":0},"end":{"line":144,"column":2}}},"fnMap":{"0":{"name":"(anonymous_0)","decl":{"start":{"line":2,"column":4},"end":{"line":2,"column":5}},"loc":{"start":{"line":2,"column":18},"end":{"line":6,"column":5}},"line":2},"1":{"name":"(anonymous_1)","decl":{"start":{"line":8,"column":4},"end":{"line":8,"column":5}},"loc":{"start":{"line":8,"column":27},"end":{"line":10,"column":5}},"line":8},"2":{"name":"(anonymous_2)","decl":{"start":{"line":14,"column":4},"end":{"line":14,"column":5}},"loc":{"start":{"line":14,"column":27},"end":{"line":22,"column":5}},"line":14},"3":{"name":"(anonymous_3)","decl":{"start":{"line":26,"column":4},"end":{"line":26,"column":5}},"loc":{"start":{"line":26,"column":27},"end":{"line":34,"column":5}},"line":26},"4":{"name":"(anonymous_4)","decl":{"start":{"line":38,"column":4},"end":{"line":38,"column":5}},"loc":{"start":{"line":38,"column":27},"end":{"line":46,"column":5}},"line":38},"5":{"name":"(anonymous_5)","decl":{"start":{"line":50,"column":4},"end":{"line":50,"column":5}},"loc":{"start":{"line":50,"column":27},"end":{"line":68,"column":5}},"line":50},"6":{"name":"(anonymous_6)","decl":{"start":{"line":72,"column":4},"end":{"line":72,"column":5}},"loc":{"start":{"line":72,"column":27},"end":{"line":81,"column":5}},"line":72},"7":{"name":"(anonymous_7)","decl":{"start":{"line":85,"column":4},"end":{"line":85,"column":5}},"loc":{"start":{"line":85,"column":27},"end":{"line":99,"column":5}},"line":85},"8":{"name":"(anonymous_8)","decl":{"start":{"line":103,"column":4},"end":{"line":103,"column":5}},"loc":{"start":{"line":103,"column":27},"end":{"line":112,"column":5}},"line":103},"9":{"name":"(anonymous_9)","decl":{"start":{"line":116,"column":4},"end":{"line":116,"column":5}},"loc":{"start":{"line":116,"column":27},"end":{"line":132,"column":5}},"line":116}},"branchMap":{"0":{"loc":{"start":{"line":3,"column":8},"end":{"line":5,"column":9}},"type":"if","locations":[{"start":{"line":3,"column":8},"end":{"line":5,"column":9}},{"start":{},"end":{}}],"line":3}},"s":{"0":10,"1":0,"2":0,"3":2,"4":2,"5":2,"6":2,"7":2,"8":0,"9":0,"10":0,"11":1},"f":{"0":10,"1":0,"2":2,"3":2,"4":2,"5":2,"6":2,"7":0,"8":0,"9":0},"b":{"0":[0,10]},"_coverageSchema":"1a1c01bbd47fc00a2c39e90264f33305004495a9","hash":"6144016902d98b9cfaa4b12d330e5ea5d5ac2fb5"}
,"/Users/matt/Documents/GithubRepos/engr510_final_project/backend/src/auth/index.js": {"path":"/Users/matt/Documents/GithubRepos/engr510_final_project/backend/src/auth/index.js","statementMap":{"0":{"start":{"line":1,"column":15},"end":{"line":1,"column":32}},"1":{"start":{"line":2,"column":12},"end":{"line":2,"column":35}},"2":{"start":{"line":3,"column":11},"end":{"line":3,"column":27}},"3":{"start":{"line":5,"column":19},"end":{"line":5,"column":62}},"4":{"start":{"line":6,"column":20},"end":{"line":6,"column":22}},"5":{"start":{"line":10,"column":25},"end":{"line":10,"column":85}},"6":{"start":{"line":11,"column":4},"end":{"line":13,"column":5}},"7":{"start":{"line":12,"column":8},"end":{"line":12,"column":47}},"8":{"start":{"line":16,"column":27},"end":{"line":16,"column":67}},"9":{"start":{"line":19,"column":19},"end":{"line":19,"column":109}},"10":{"start":{"line":21,"column":4},"end":{"line":21,"column":40}},"11":{"start":{"line":26,"column":17},"end":{"line":26,"column":77}},"12":{"start":{"line":27,"column":4},"end":{"line":29,"column":5}},"13":{"start":{"line":28,"column":8},"end":{"line":28,"column":42}},"14":{"start":{"line":32,"column":20},"end":{"line":32,"column":65}},"15":{"start":{"line":33,"column":4},"end":{"line":35,"column":5}},"16":{"start":{"line":34,"column":8},"end":{"line":34,"column":47}},"17":{"start":{"line":38,"column":18},"end":{"line":38,"column":96}},"18":{"start":{"line":40,"column":4},"end":{"line":40,"column":63}},"19":{"start":{"line":43,"column":0},"end":{"line":46,"column":2}}},"fnMap":{"0":{"name":"registerUser","decl":{"start":{"line":8,"column":15},"end":{"line":8,"column":27}},"loc":{"start":{"line":8,"column":49},"end":{"line":22,"column":1}},"line":8},"1":{"name":"loginUser","decl":{"start":{"line":24,"column":15},"end":{"line":24,"column":24}},"loc":{"start":{"line":24,"column":46},"end":{"line":41,"column":1}},"line":24}},"branchMap":{"0":{"loc":{"start":{"line":5,"column":19},"end":{"line":5,"column":62}},"type":"binary-expr","locations":[{"start":{"line":5,"column":19},"end":{"line":5,"column":41}},{"start":{"line":5,"column":45},"end":{"line":5,"column":62}}],"line":5},"1":{"loc":{"start":{"line":11,"column":4},"end":{"line":13,"column":5}},"type":"if","locations":[{"start":{"line":11,"column":4},"end":{"line":13,"column":5}},{"start":{},"end":{}}],"line":11},"2":{"loc":{"start":{"line":27,"column":4},"end":{"line":29,"column":5}},"type":"if","locations":[{"start":{"line":27,"column":4},"end":{"line":29,"column":5}},{"start":{},"end":{}}],"line":27},"3":{"loc":{"start":{"line":33,"column":4},"end":{"line":35,"column":5}},"type":"if","locations":[{"start":{"line":33,"column":4},"end":{"line":35,"column":5}},{"start":{},"end":{}}],"line":33}},"s":{"0":1,"1":1,"2":1,"3":1,"4":1,"5":2,"6":2,"7":1,"8":1,"9":1,"10":1,"11":3,"12":3,"13":1,"14":2,"15":2,"16":1,"17":1,"18":1,"19":1},"f":{"0":2,"1":3},"b":{"0":[1,0],"1":[1,1],"2":[1,2],"3":[1,1]},"_coverageSchema":"1a1c01bbd47fc00a2c39e90264f33305004495a9","hash":"a906bd6c1e5e281c8b9b74a841ed8fcaed06aa92"}
,"/Users/matt/Documents/GithubRepos/engr510_final_project/backend/src/db/index.js": {"path":"/Users/matt/Documents/GithubRepos/engr510_final_project/backend/src/db/index.js","statementMap":{"0":{"start":{"line":1,"column":17},"end":{"line":1,"column":42}},"1":{"start":{"line":2,"column":13},"end":{"line":2,"column":28}},"2":{"start":{"line":5,"column":11},"end":{"line":7,"column":2}},"3":{"start":{"line":10,"column":0},"end":{"line":45,"column":3}},"4":{"start":{"line":47,"column":0},"end":{"line":47,"column":20}}},"fnMap":{},"branchMap":{},"s":{"0":1,"1":1,"2":1,"3":1,"4":1},"f":{},"b":{},"_coverageSchema":"1a1c01bbd47fc00a2c39e90264f33305004495a9","hash":"9254700e5517dc01e79fd1df2a7af35f9776c51c"}
,"/Users/matt/Documents/GithubRepos/engr510_final_project/backend/src/middleware/errorHandler.js": {"path":"/Users/matt/Documents/GithubRepos/engr510_final_project/backend/src/middleware/errorHandler.js","statementMap":{"0":{"start":{"line":4,"column":8},"end":{"line":4,"column":23}},"1":{"start":{"line":5,"column":8},"end":{"line":5,"column":37}},"2":{"start":{"line":6,"column":8},"end":{"line":6,"column":73}},"3":{"start":{"line":7,"column":8},"end":{"line":7,"column":34}},"4":{"start":{"line":9,"column":8},"end":{"line":9,"column":56}},"5":{"start":{"line":14,"column":21},"end":{"line":41,"column":1}},"6":{"start":{"line":15,"column":4},"end":{"line":15,"column":43}},"7":{"start":{"line":16,"column":4},"end":{"line":16,"column":39}},"8":{"start":{"line":18,"column":4},"end":{"line":40,"column":5}},"9":{"start":{"line":19,"column":8},"end":{"line":24,"column":11}},"10":{"start":{"line":27,"column":8},"end":{"line":39,"column":9}},"11":{"start":{"line":28,"column":12},"end":{"line":31,"column":15}},"12":{"start":{"line":34,"column":12},"end":{"line":34,"column":43}},"13":{"start":{"line":35,"column":12},"end":{"line":38,"column":15}},"14":{"start":{"line":43,"column":0},"end":{"line":46,"column":2}}},"fnMap":{"0":{"name":"(anonymous_0)","decl":{"start":{"line":3,"column":4},"end":{"line":3,"column":5}},"loc":{"start":{"line":3,"column":37},"end":{"line":10,"column":5}},"line":3},"1":{"name":"(anonymous_1)","decl":{"start":{"line":14,"column":21},"end":{"line":14,"column":22}},"loc":{"start":{"line":14,"column":46},"end":{"line":41,"column":1}},"line":14}},"branchMap":{"0":{"loc":{"start":{"line":6,"column":22},"end":{"line":6,"column":72}},"type":"cond-expr","locations":[{"start":{"line":6,"column":56},"end":{"line":6,"column":62}},{"start":{"line":6,"column":65},"end":{"line":6,"column":72}}],"line":6},"1":{"loc":{"start":{"line":15,"column":21},"end":{"line":15,"column":42}},"type":"binary-expr","locations":[{"start":{"line":15,"column":21},"end":{"line":15,"column":35}},{"start":{"line":15,"column":39},"end":{"line":15,"column":42}}],"line":15},"2":{"loc":{"start":{"line":16,"column":17},"end":{"line":16,"column":38}},"type":"binary-expr","locations":[{"start":{"line":16,"column":17},"end":{"line":16,"column":27}},{"start":{"line":16,"column":31},"end":{"line":16,"column":38}}],"line":16},"3":{"loc":{"start":{"line":18,"column":4},"end":{"line":40,"column":5}},"type":"if","locations":[{"start":{"line":18,"column":4},"end":{"line":40,"column":5}},{"start":{"line":25,"column":11},"end":{"line":40,"column":5}}],"line":18},"4":{"loc":{"start":{"line":27,"column":8},"end":{"line":39,"column":9}},"type":"if","locations":[{"start":{"line":27,"column":8},"end":{"line":39,"column":9}},{"start":{"line":32,"column":15},"end":{"line":39,"column":9}}],"line":27}},"s":{"0":3,"1":3,"2":3,"3":3,"4":3,"5":1,"6":3,"7":3,"8":3,"9":1,"10":2,"11":1,"12":1,"13":1,"14":1},"f":{"0":3,"1":3},"b":{"0":[2,1],"1":[3,2],"2":[3,2],"3":[1,2],"4":[1,1]},"_coverageSchema":"1a1c01bbd47fc00a2c39e90264f33305004495a9","hash":"18f1c9dc0c48520aa16a97b968e34bc018bbca76"}
,"/Users/matt/Documents/GithubRepos/engr510_final_project/backend/src/middleware/security.js": {"path":"/Users/matt/Documents/GithubRepos/engr510_final_project/backend/src/middleware/security.js","statementMap":{"0":{"start":{"line":1,"column":15},"end":{"line":1,"column":32}},"1":{"start":{"line":2,"column":13},"end":{"line":2,"column":28}},"2":{"start":{"line":3,"column":16},"end":{"line":3,"column":34}},"3":{"start":{"line":5,"column":36},"end":{"line":34,"column":1}},"4":{"start":{"line":7,"column":4},"end":{"line":10,"column":8}},"5":{"start":{"line":13,"column":24},"end":{"line":20,"column":5}},"6":{"start":{"line":21,"column":4},"end":{"line":21,"column":31}},"7":{"start":{"line":24,"column":22},"end":{"line":24,"column":51}},"8":{"start":{"line":25,"column":20},"end":{"line":28,"column":6}},"9":{"start":{"line":29,"column":4},"end":{"line":29,"column":30}},"10":{"start":{"line":32,"column":4},"end":{"line":32,"column":45}},"11":{"start":{"line":33,"column":4},"end":{"line":33,"column":67}},"12":{"start":{"line":36,"column":0},"end":{"line":36,"column":45}}},"fnMap":{"0":{"name":"(anonymous_0)","decl":{"start":{"line":5,"column":36},"end":{"line":5,"column":37}},"loc":{"start":{"line":5,"column":45},"end":{"line":34,"column":1}},"line":5}},"branchMap":{},"s":{"0":1,"1":1,"2":1,"3":1,"4":4,"5":4,"6":4,"7":4,"8":4,"9":4,"10":4,"11":4,"12":1},"f":{"0":4},"b":{},"_coverageSchema":"1a1c01bbd47fc00a2c39e90264f33305004495a9","hash":"0a92dd9287b5ac835d2433269a6c8ac62a22ee47"}
,"/Users/matt/Documents/GithubRepos/engr510_final_project/backend/src/middleware/validation.js": {"path":"/Users/matt/Documents/GithubRepos/engr510_final_project/backend/src/middleware/validation.js","statementMap":{"0":{"start":{"line":1,"column":29},"end":{"line":1,"column":57}},"1":{"start":{"line":3,"column":17},"end":{"line":20,"column":1}},"2":{"start":{"line":4,"column":4},"end":{"line":19,"column":6}},"3":{"start":{"line":5,"column":8},"end":{"line":5,"column":78}},"4":{"start":{"line":5,"column":56},"end":{"line":5,"column":75}},"5":{"start":{"line":7,"column":23},"end":{"line":7,"column":44}},"6":{"start":{"line":8,"column":8},"end":{"line":10,"column":9}},"7":{"start":{"line":9,"column":12},"end":{"line":9,"column":26}},"8":{"start":{"line":12,"column":8},"end":{"line":18,"column":11}},"9":{"start":{"line":14,"column":47},"end":{"line":17,"column":13}},"10":{"start":{"line":22,"column":0},"end":{"line":22,"column":26}}},"fnMap":{"0":{"name":"(anonymous_0)","decl":{"start":{"line":3,"column":17},"end":{"line":3,"column":18}},"loc":{"start":{"line":3,"column":34},"end":{"line":20,"column":1}},"line":3},"1":{"name":"(anonymous_1)","decl":{"start":{"line":4,"column":11},"end":{"line":4,"column":12}},"loc":{"start":{"line":4,"column":37},"end":{"line":19,"column":5}},"line":4},"2":{"name":"(anonymous_2)","decl":{"start":{"line":5,"column":42},"end":{"line":5,"column":43}},"loc":{"start":{"line":5,"column":56},"end":{"line":5,"column":75}},"line":5},"3":{"name":"(anonymous_3)","decl":{"start":{"line":14,"column":39},"end":{"line":14,"column":40}},"loc":{"start":{"line":14,"column":47},"end":{"line":17,"column":13}},"line":14}},"branchMap":{"0":{"loc":{"start":{"line":8,"column":8},"end":{"line":10,"column":9}},"type":"if","locations":[{"start":{"line":8,"column":8},"end":{"line":10,"column":9}},{"start":{},"end":{}}],"line":8}},"s":{"0":1,"1":1,"2":2,"3":2,"4":4,"5":2,"6":2,"7":1,"8":1,"9":2,"10":1},"f":{"0":2,"1":2,"2":4,"3":2},"b":{"0":[1,1]},"_coverageSchema":"1a1c01bbd47fc00a2c39e90264f33305004495a9","hash":"288614e93ea4c5f1c7607996cccd9112e261da2b"}
,"/Users/matt/Documents/GithubRepos/engr510_final_project/backend/src/models/index.js": {"path":"/Users/matt/Documents/GithubRepos/engr510_final_project/backend/src/models/index.js","statementMap":{"0":{"start":{"line":3,"column":8},"end":{"line":3,"column":21}},"1":{"start":{"line":4,"column":8},"end":{"line":4,"column":25}},"2":{"start":{"line":5,"column":8},"end":{"line":5,"column":39}},"3":{"start":{"line":6,"column":8},"end":{"line":6,"column":29}},"4":{"start":{"line":7,"column":8},"end":{"line":7,"column":29}},"5":{"start":{"line":11,"column":8},"end":{"line":17,"column":10}},"6":{"start":{"line":23,"column":8},"end":{"line":23,"column":21}},"7":{"start":{"line":24,"column":8},"end":{"line":24,"column":35}},"8":{"start":{"line":25,"column":8},"end":{"line":25,"column":25}},"9":{"start":{"line":26,"column":8},"end":{"line":26,"column":31}},"10":{"start":{"line":30,"column":8},"end":{"line":35,"column":10}},"11":{"start":{"line":41,"column":8},"end":{"line":41,"column":21}},"12":{"start":{"line":42,"column":8},"end":{"line":42,"column":35}},"13":{"start":{"line":43,"column":8},"end":{"line":43,"column":25}},"14":{"start":{"line":44,"column":8},"end":{"line":44,"column":29}},"15":{"start":{"line":48,"column":8},"end":{"line":53,"column":10}},"16":{"start":{"line":57,"column":0},"end":{"line":61,"column":2}}},"fnMap":{"0":{"name":"(anonymous_0)","decl":{"start":{"line":2,"column":4},"end":{"line":2,"column":5}},"loc":{"start":{"line":2,"column":74},"end":{"line":8,"column":5}},"line":2},"1":{"name":"(anonymous_1)","decl":{"start":{"line":10,"column":4},"end":{"line":10,"column":5}},"loc":{"start":{"line":10,"column":13},"end":{"line":18,"column":5}},"line":10},"2":{"name":"(anonymous_2)","decl":{"start":{"line":22,"column":4},"end":{"line":22,"column":5}},"loc":{"start":{"line":22,"column":50},"end":{"line":27,"column":5}},"line":22},"3":{"name":"(anonymous_3)","decl":{"start":{"line":29,"column":4},"end":{"line":29,"column":5}},"loc":{"start":{"line":29,"column":13},"end":{"line":36,"column":5}},"line":29},"4":{"name":"(anonymous_4)","decl":{"start":{"line":40,"column":4},"end":{"line":40,"column":5}},"loc":{"start":{"line":40,"column":49},"end":{"line":45,"column":5}},"line":40},"5":{"name":"(anonymous_5)","decl":{"start":{"line":47,"column":4},"end":{"line":47,"column":5}},"loc":{"start":{"line":47,"column":13},"end":{"line":54,"column":5}},"line":47}},"branchMap":{"0":{"loc":{"start":{"line":2,"column":41},"end":{"line":2,"column":62}},"type":"default-arg","locations":[{"start":{"line":2,"column":50},"end":{"line":2,"column":62}}],"line":2}},"s":{"0":6,"1":6,"2":6,"3":6,"4":6,"5":0,"6":0,"7":0,"8":0,"9":0,"10":0,"11":0,"12":0,"13":0,"14":0,"15":0,"16":1},"f":{"0":6,"1":0,"2":0,"3":0,"4":0,"5":0},"b":{"0":[0]},"_coverageSchema":"1a1c01bbd47fc00a2c39e90264f33305004495a9","hash":"6acb7761d16e2a3594d76c057941c614d8d3b8bb"}
,"/Users/matt/Documents/GithubRepos/engr510_final_project/backend/src/validators/project.validator.js": {"path":"/Users/matt/Documents/GithubRepos/engr510_final_project/backend/src/validators/project.validator.js","statementMap":{"0":{"start":{"line":1,"column":24},"end":{"line":1,"column":52}},"1":{"start":{"line":3,"column":26},"end":{"line":31,"column":1}},"2":{"start":{"line":26,"column":12},"end":{"line":28,"column":13}},"3":{"start":{"line":27,"column":16},"end":{"line":27,"column":80}},"4":{"start":{"line":29,"column":12},"end":{"line":29,"column":24}},"5":{"start":{"line":33,"column":32},"end":{"line":40,"column":1}},"6":{"start":{"line":42,"column":28},"end":{"line":46,"column":1}},"7":{"start":{"line":48,"column":0},"end":{"line":52,"column":2}}},"fnMap":{"0":{"name":"(anonymous_0)","decl":{"start":{"line":25,"column":16},"end":{"line":25,"column":17}},"loc":{"start":{"line":25,"column":27},"end":{"line":30,"column":9}},"line":25}},"branchMap":{"0":{"loc":{"start":{"line":26,"column":12},"end":{"line":28,"column":13}},"type":"if","locations":[{"start":{"line":26,"column":12},"end":{"line":28,"column":13}},{"start":{},"end":{}}],"line":26},"1":{"loc":{"start":{"line":26,"column":16},"end":{"line":26,"column":53}},"type":"binary-expr","locations":[{"start":{"line":26,"column":16},"end":{"line":26,"column":21}},{"start":{"line":26,"column":25},"end":{"line":26,"column":53}}],"line":26}},"s":{"0":1,"1":1,"2":2,"3":1,"4":1,"5":1,"6":1,"7":1},"f":{"0":2},"b":{"0":[1,1],"1":[2,2]},"_coverageSchema":"1a1c01bbd47fc00a2c39e90264f33305004495a9","hash":"9101df5089521e139ab40fdeef329ff665d9a5a2"}
}
