TN:
SF:src/agents/index.js
FN:2,(anonymous_0)
FN:8,(anonymous_1)
FN:14,(anonymous_2)
FN:26,(anonymous_3)
FN:38,(anonymous_4)
FN:50,(anonymous_5)
FN:72,(anonymous_6)
FN:85,(anonymous_7)
FN:103,(anonymous_8)
FN:116,(anonymous_9)
FNF:10
FNH:6
FNDA:10,(anonymous_0)
FNDA:0,(anonymous_1)
FNDA:2,(anonymous_2)
FNDA:2,(anonymous_3)
FNDA:2,(anonymous_4)
FNDA:2,(anonymous_5)
FNDA:2,(anonymous_6)
FNDA:0,(anonymous_7)
FNDA:0,(anonymous_8)
FNDA:0,(anonymous_9)
DA:3,10
DA:4,0
DA:9,0
DA:15,2
DA:27,2
DA:39,2
DA:51,2
DA:73,2
DA:86,0
DA:104,0
DA:117,0
DA:135,1
LF:12
LH:7
BRDA:3,0,0,0
BRDA:3,0,1,10
BRF:2
BRH:1
end_of_record
TN:
SF:src/auth/index.js
FN:8,registerUser
FN:24,loginUser
FNF:2
FNH:2
FNDA:2,registerUser
FNDA:3,loginUser
DA:1,1
DA:2,1
DA:3,1
DA:5,1
DA:6,1
DA:10,2
DA:11,2
DA:12,1
DA:16,1
DA:19,1
DA:21,1
DA:26,3
DA:27,3
DA:28,1
DA:32,2
DA:33,2
DA:34,1
DA:38,1
DA:40,1
DA:43,1
LF:20
LH:20
BRDA:5,0,0,1
BRDA:5,0,1,0
BRDA:11,1,0,1
BRDA:11,1,1,1
BRDA:27,2,0,1
BRDA:27,2,1,2
BRDA:33,3,0,1
BRDA:33,3,1,1
BRF:8
BRH:7
end_of_record
TN:
SF:src/db/index.js
FNF:0
FNH:0
DA:1,1
DA:2,1
DA:5,1
DA:10,1
DA:47,1
LF:5
LH:5
BRF:0
BRH:0
end_of_record
TN:
SF:src/middleware/errorHandler.js
FN:3,(anonymous_0)
FN:14,(anonymous_1)
FNF:2
FNH:2
FNDA:3,(anonymous_0)
FNDA:3,(anonymous_1)
DA:4,3
DA:5,3
DA:6,3
DA:7,3
DA:9,3
DA:14,1
DA:15,3
DA:16,3
DA:18,3
DA:19,1
DA:27,2
DA:28,1
DA:34,1
DA:35,1
DA:43,1
LF:15
LH:15
BRDA:6,0,0,2
BRDA:6,0,1,1
BRDA:15,1,0,3
BRDA:15,1,1,2
BRDA:16,2,0,3
BRDA:16,2,1,2
BRDA:18,3,0,1
BRDA:18,3,1,2
BRDA:27,4,0,1
BRDA:27,4,1,1
BRF:10
BRH:10
end_of_record
TN:
SF:src/middleware/security.js
FN:5,(anonymous_0)
FNF:1
FNH:1
FNDA:4,(anonymous_0)
DA:1,1
DA:2,1
DA:3,1
DA:5,1
DA:7,4
DA:13,4
DA:21,4
DA:24,4
DA:25,4
DA:29,4
DA:32,4
DA:33,4
DA:36,1
LF:13
LH:13
BRF:0
BRH:0
end_of_record
TN:
SF:src/middleware/validation.js
FN:3,(anonymous_0)
FN:4,(anonymous_1)
FN:5,(anonymous_2)
FN:14,(anonymous_3)
FNF:4
FNH:4
FNDA:2,(anonymous_0)
FNDA:2,(anonymous_1)
FNDA:4,(anonymous_2)
FNDA:2,(anonymous_3)
DA:1,1
DA:3,1
DA:4,2
DA:5,4
DA:7,2
DA:8,2
DA:9,1
DA:12,1
DA:14,2
DA:22,1
LF:10
LH:10
BRDA:8,0,0,1
BRDA:8,0,1,1
BRF:2
BRH:2
end_of_record
TN:
SF:src/models/index.js
FN:2,(anonymous_0)
FN:10,(anonymous_1)
FN:22,(anonymous_2)
FN:29,(anonymous_3)
FN:40,(anonymous_4)
FN:47,(anonymous_5)
FNF:6
FNH:1
FNDA:6,(anonymous_0)
FNDA:0,(anonymous_1)
FNDA:0,(anonymous_2)
FNDA:0,(anonymous_3)
FNDA:0,(anonymous_4)
FNDA:0,(anonymous_5)
DA:3,6
DA:4,6
DA:5,6
DA:6,6
DA:7,6
DA:11,0
DA:23,0
DA:24,0
DA:25,0
DA:26,0
DA:30,0
DA:41,0
DA:42,0
DA:43,0
DA:44,0
DA:48,0
DA:57,1
LF:17
LH:6
BRDA:2,0,0,0
BRF:1
BRH:0
end_of_record
TN:
SF:src/validators/project.validator.js
FN:25,(anonymous_0)
FNF:1
FNH:1
FNDA:2,(anonymous_0)
DA:1,1
DA:3,1
DA:26,2
DA:27,1
DA:29,1
DA:33,1
DA:42,1
DA:48,1
LF:8
LH:8
BRDA:26,0,0,1
BRDA:26,0,1,1
BRDA:26,1,0,2
BRDA:26,1,1,2
BRF:4
BRH:4
end_of_record
